nohup: ignoring input
/storage/scratch/0994359/hetero-conv-matching/.venv/lib64/python3.9/site-packages/networkx/utils/backends.py:135: RuntimeWarning: networkx backend defined more than once: nx-loopback
  backends.update(_get_backends("networkx.backends"))
/storage/scratch/0994359/hetero-conv-matching/.venv/lib64/python3.9/site-packages/dgl/transforms/functional.py:1366: DGLWarning: share_ndata argument has been renamed to copy_ndata.
  dgl_warning("share_ndata argument has been renamed to copy_ndata.")
Epoch 1/500, Loss: 58.6605
Epoch 2/500, Loss: 55.5808
Epoch 3/500, Loss: 55.0602
Epoch 4/500, Loss: 54.1176
Epoch 5/500, Loss: 51.8093
Epoch 6/500, Loss: 50.0349
Epoch 7/500, Loss: 49.7200
Epoch 8/500, Loss: 49.6395
Epoch 9/500, Loss: 49.4100
Epoch 10/500, Loss: 49.2338
Epoch 11/500, Loss: 49.0165
Epoch 12/500, Loss: 48.8204
Epoch 13/500, Loss: 48.5509
Epoch 14/500, Loss: 48.1831
Epoch 15/500, Loss: 47.7398
Epoch 16/500, Loss: 47.2023
Epoch 17/500, Loss: 46.7242
Epoch 18/500, Loss: 46.3682
Epoch 19/500, Loss: 46.0514
Epoch 20/500, Loss: 45.3863
Epoch 21/500, Loss: 44.7172
Epoch 22/500, Loss: 44.4543
Epoch 23/500, Loss: 44.2238
Epoch 24/500, Loss: 43.8044
Epoch 25/500, Loss: 43.5046
Epoch 26/500, Loss: 43.3875
Epoch 27/500, Loss: 43.2669
Epoch 28/500, Loss: 43.1677
Epoch 29/500, Loss: 43.0657
Epoch 30/500, Loss: 42.9257
Epoch 31/500, Loss: 42.7905
Epoch 32/500, Loss: 42.6761
Epoch 33/500, Loss: 42.5394
Epoch 34/500, Loss: 42.4173
Epoch 35/500, Loss: 42.3507
Epoch 36/500, Loss: 42.3301
Epoch 37/500, Loss: 42.2895
Epoch 38/500, Loss: 42.2577
Epoch 39/500, Loss: 42.2569
Epoch 40/500, Loss: 42.2519
Epoch 41/500, Loss: 42.1737
Epoch 42/500, Loss: 42.1502
Epoch 43/500, Loss: 42.1300
Epoch 44/500, Loss: 42.1219
Epoch 45/500, Loss: 42.0579
Epoch 46/500, Loss: 42.0383
Epoch 47/500, Loss: 42.0064
Epoch 48/500, Loss: 41.9507
Epoch 49/500, Loss: 41.9005
Epoch 50/500, Loss: 41.8623
Epoch 51/500, Loss: 41.8287
Epoch 52/500, Loss: 41.8119
Epoch 53/500, Loss: 41.7823
Epoch 54/500, Loss: 41.7402
Epoch 55/500, Loss: 41.6756
Epoch 56/500, Loss: 41.6026
Epoch 57/500, Loss: 41.5401
Epoch 58/500, Loss: 41.4950
Epoch 59/500, Loss: 41.4838
Epoch 60/500, Loss: 41.4301
Epoch 61/500, Loss: 41.4332
Epoch 62/500, Loss: 41.3937
Epoch 63/500, Loss: 41.3847
Epoch 64/500, Loss: 41.4041
Epoch 65/500, Loss: 41.3967
Epoch 66/500, Loss: 41.3737
Epoch 67/500, Loss: 41.4007
Epoch 68/500, Loss: 41.3628
Epoch 69/500, Loss: 41.3450
Epoch 70/500, Loss: 41.3183
Epoch 71/500, Loss: 41.3142
Epoch 72/500, Loss: 41.2743
Epoch 73/500, Loss: 41.2383
Epoch 74/500, Loss: 41.2331
Epoch 75/500, Loss: 41.2153
Epoch 76/500, Loss: 41.2299
Epoch 77/500, Loss: 41.1750
Epoch 78/500, Loss: 41.1808
Epoch 79/500, Loss: 41.1659
Epoch 80/500, Loss: 41.1554
Epoch 81/500, Loss: 41.1380
Epoch 82/500, Loss: 41.1475
Epoch 83/500, Loss: 41.0994
Epoch 84/500, Loss: 41.1025
Epoch 85/500, Loss: 41.0865
Epoch 86/500, Loss: 41.0750
Epoch 87/500, Loss: 41.0876
Epoch 88/500, Loss: 41.0690
Epoch 89/500, Loss: 41.0432
Epoch 90/500, Loss: 41.0544
Epoch 91/500, Loss: 41.0352
Epoch 92/500, Loss: 41.0205
Epoch 93/500, Loss: 41.0069
Epoch 94/500, Loss: 40.9929
Epoch 95/500, Loss: 41.0078
Epoch 96/500, Loss: 41.0150
Epoch 97/500, Loss: 40.9964
Epoch 98/500, Loss: 40.9864
Epoch 99/500, Loss: 40.9685
Epoch 100/500, Loss: 40.9460
Epoch 101/500, Loss: 40.9445
Epoch 102/500, Loss: 40.9390
Epoch 103/500, Loss: 40.9219
Epoch 104/500, Loss: 40.9176
Epoch 105/500, Loss: 40.9268
Epoch 106/500, Loss: 40.9057
Epoch 107/500, Loss: 40.9198
Epoch 108/500, Loss: 40.9346
Epoch 109/500, Loss: 40.9205
Epoch 110/500, Loss: 40.9281
Epoch 111/500, Loss: 40.9019
Epoch 112/500, Loss: 40.8858
Epoch 113/500, Loss: 40.8879
Epoch 114/500, Loss: 40.8700
Epoch 115/500, Loss: 40.8494
Epoch 116/500, Loss: 40.8310
Epoch 117/500, Loss: 40.8449
Epoch 118/500, Loss: 40.8400
Epoch 119/500, Loss: 40.8491
Epoch 120/500, Loss: 40.8162
Epoch 121/500, Loss: 40.8000
Epoch 122/500, Loss: 40.7886
Epoch 123/500, Loss: 40.7801
Epoch 124/500, Loss: 40.7815
Epoch 125/500, Loss: 40.7911
Epoch 126/500, Loss: 40.7808
Epoch 127/500, Loss: 40.7857
Epoch 128/500, Loss: 40.7661
Epoch 129/500, Loss: 40.7644
Epoch 130/500, Loss: 40.7809
Epoch 131/500, Loss: 40.7752
Epoch 132/500, Loss: 40.7730
Epoch 133/500, Loss: 40.7685
Epoch 134/500, Loss: 40.7780
Epoch 135/500, Loss: 40.7588
Epoch 136/500, Loss: 40.7452
Epoch 137/500, Loss: 40.7361
Epoch 138/500, Loss: 40.7418
Epoch 139/500, Loss: 40.7329
Epoch 140/500, Loss: 40.7250
Epoch 141/500, Loss: 40.7378
Epoch 142/500, Loss: 40.7117
Epoch 143/500, Loss: 40.6944
Epoch 144/500, Loss: 40.7068
Epoch 145/500, Loss: 40.7094
Epoch 146/500, Loss: 40.7060
Epoch 147/500, Loss: 40.6851
Epoch 148/500, Loss: 40.7027
Epoch 149/500, Loss: 40.6961
Epoch 150/500, Loss: 40.6831
Epoch 151/500, Loss: 40.6799
Epoch 152/500, Loss: 40.6894
Epoch 153/500, Loss: 40.6771
Epoch 154/500, Loss: 40.6811
Epoch 155/500, Loss: 40.6854
Epoch 156/500, Loss: 40.6845
Epoch 157/500, Loss: 40.6648
Epoch 158/500, Loss: 40.6501
Epoch 159/500, Loss: 40.6414
Epoch 160/500, Loss: 40.6520
Epoch 161/500, Loss: 40.6299
Epoch 162/500, Loss: 40.6333
Epoch 163/500, Loss: 40.6215
Epoch 164/500, Loss: 40.6523
Epoch 165/500, Loss: 40.6423
Epoch 166/500, Loss: 40.6413
Epoch 167/500, Loss: 40.6281
Epoch 168/500, Loss: 40.6138
Epoch 169/500, Loss: 40.6118
Epoch 170/500, Loss: 40.6185
Epoch 171/500, Loss: 40.6040
Epoch 172/500, Loss: 40.5916
Epoch 173/500, Loss: 40.6346
Epoch 174/500, Loss: 40.6243
Epoch 175/500, Loss: 40.6018
Epoch 176/500, Loss: 40.5962
Epoch 177/500, Loss: 40.5734
Epoch 178/500, Loss: 40.5611
Epoch 179/500, Loss: 40.5797
Epoch 180/500, Loss: 40.5771
Epoch 181/500, Loss: 40.5683
Epoch 182/500, Loss: 40.5489
Epoch 183/500, Loss: 40.5563
Epoch 184/500, Loss: 40.5553
Epoch 185/500, Loss: 40.5469
Epoch 186/500, Loss: 40.5358
Epoch 187/500, Loss: 40.5481
Epoch 188/500, Loss: 40.5350
Epoch 189/500, Loss: 40.5383
Epoch 190/500, Loss: 40.5212
Epoch 191/500, Loss: 40.5135
Epoch 192/500, Loss: 40.5265
Epoch 193/500, Loss: 40.5178
Epoch 194/500, Loss: 40.5084
Epoch 195/500, Loss: 40.5105
Epoch 196/500, Loss: 40.5186
Epoch 197/500, Loss: 40.5050
Epoch 198/500, Loss: 40.4992
Epoch 199/500, Loss: 40.5000
Epoch 200/500, Loss: 40.4975
Epoch 201/500, Loss: 40.4861
Epoch 202/500, Loss: 40.4916
Epoch 203/500, Loss: 40.4733
Epoch 204/500, Loss: 40.4795
Epoch 205/500, Loss: 40.4692
Epoch 206/500, Loss: 40.4686
Epoch 207/500, Loss: 40.4598
Epoch 208/500, Loss: 40.4721
Epoch 209/500, Loss: 40.4568
Epoch 210/500, Loss: 40.4510
Epoch 211/500, Loss: 40.4747
Epoch 212/500, Loss: 40.4544
Epoch 213/500, Loss: 40.4511
Epoch 214/500, Loss: 40.4515
Epoch 215/500, Loss: 40.4443
Epoch 216/500, Loss: 40.4479
Epoch 217/500, Loss: 40.4525
Epoch 218/500, Loss: 40.4535
Epoch 219/500, Loss: 40.4492
Epoch 220/500, Loss: 40.4516
Epoch 221/500, Loss: 40.4463
Epoch 222/500, Loss: 40.4329
Epoch 223/500, Loss: 40.4331
Epoch 224/500, Loss: 40.4304
Epoch 225/500, Loss: 40.4216
Epoch 226/500, Loss: 40.4110
Epoch 227/500, Loss: 40.4232
Epoch 228/500, Loss: 40.4316
Epoch 229/500, Loss: 40.4119
Epoch 230/500, Loss: 40.4042
Epoch 231/500, Loss: 40.4056
Epoch 232/500, Loss: 40.4019
Epoch 233/500, Loss: 40.3903
Epoch 234/500, Loss: 40.3885
Epoch 235/500, Loss: 40.3846
Epoch 236/500, Loss: 40.3777
Epoch 237/500, Loss: 40.3869
Epoch 238/500, Loss: 40.3806
Epoch 239/500, Loss: 40.3782
Epoch 240/500, Loss: 40.3833
Epoch 241/500, Loss: 40.3837
Epoch 242/500, Loss: 40.3824
Epoch 243/500, Loss: 40.3608
Epoch 244/500, Loss: 40.3682
Epoch 245/500, Loss: 40.3624
Epoch 246/500, Loss: 40.3676
Epoch 247/500, Loss: 40.3440
Epoch 248/500, Loss: 40.3487
Epoch 249/500, Loss: 40.3417
Epoch 250/500, Loss: 40.3304
Epoch 251/500, Loss: 40.3619
Epoch 252/500, Loss: 40.3452
Epoch 253/500, Loss: 40.3383
Epoch 254/500, Loss: 40.3321
Epoch 255/500, Loss: 40.3365
Epoch 256/500, Loss: 40.3225
Epoch 257/500, Loss: 40.3285
Epoch 258/500, Loss: 40.3312
Epoch 259/500, Loss: 40.3241
Epoch 260/500, Loss: 40.3190
Epoch 261/500, Loss: 40.3453
Epoch 262/500, Loss: 40.3511
Epoch 263/500, Loss: 40.3254
Epoch 264/500, Loss: 40.3125
Epoch 265/500, Loss: 40.3364
Epoch 266/500, Loss: 40.3191
Epoch 267/500, Loss: 40.3225
Epoch 268/500, Loss: 40.3129
Epoch 269/500, Loss: 40.3083
Epoch 270/500, Loss: 40.3136
Epoch 271/500, Loss: 40.2981
Epoch 272/500, Loss: 40.3182
Epoch 273/500, Loss: 40.3089
Epoch 274/500, Loss: 40.3014
Epoch 275/500, Loss: 40.2894
Epoch 276/500, Loss: 40.2946
Epoch 277/500, Loss: 40.2954
Epoch 278/500, Loss: 40.3180
Epoch 279/500, Loss: 40.2858
Epoch 280/500, Loss: 40.2881
Epoch 281/500, Loss: 40.2806
Epoch 282/500, Loss: 40.2980
Epoch 283/500, Loss: 40.2978
Epoch 284/500, Loss: 40.3176
Epoch 285/500, Loss: 40.2974
Epoch 286/500, Loss: 40.2832
Epoch 287/500, Loss: 40.2891
Epoch 288/500, Loss: 40.2971
Epoch 289/500, Loss: 40.2931
Epoch 290/500, Loss: 40.2891
Epoch 291/500, Loss: 40.2698
Epoch 292/500, Loss: 40.2836
Epoch 293/500, Loss: 40.2938
Epoch 294/500, Loss: 40.2830
Epoch 295/500, Loss: 40.2578
Epoch 296/500, Loss: 40.2758
Epoch 297/500, Loss: 40.2723
Epoch 298/500, Loss: 40.2834
Epoch 299/500, Loss: 40.2755
Epoch 300/500, Loss: 40.2624
Epoch 301/500, Loss: 40.2667
Epoch 302/500, Loss: 40.2656
Epoch 303/500, Loss: 40.2535
Epoch 304/500, Loss: 40.2546
Epoch 305/500, Loss: 40.2640
Epoch 306/500, Loss: 40.2570
Epoch 307/500, Loss: 40.2661
Epoch 308/500, Loss: 40.2533
Epoch 309/500, Loss: 40.2519
Epoch 310/500, Loss: 40.2500
Epoch 311/500, Loss: 40.2511
Epoch 312/500, Loss: 40.2539
Epoch 313/500, Loss: 40.2530
Epoch 314/500, Loss: 40.2437
Epoch 315/500, Loss: 40.2449
Epoch 316/500, Loss: 40.2655
Epoch 317/500, Loss: 40.2495
Epoch 318/500, Loss: 40.2446
Epoch 319/500, Loss: 40.2375
Epoch 320/500, Loss: 40.2551
Epoch 321/500, Loss: 40.2538
Epoch 322/500, Loss: 40.2375
Epoch 323/500, Loss: 40.2310
Epoch 324/500, Loss: 40.2313
Epoch 325/500, Loss: 40.2372
Epoch 326/500, Loss: 40.2342
Epoch 327/500, Loss: 40.2231
Epoch 328/500, Loss: 40.2402
Epoch 329/500, Loss: 40.2247
Epoch 330/500, Loss: 40.2284
Epoch 331/500, Loss: 40.2299
Epoch 332/500, Loss: 40.2136
Epoch 333/500, Loss: 40.2421
Epoch 334/500, Loss: 40.2410
Epoch 335/500, Loss: 40.2270
Epoch 336/500, Loss: 40.2174
Epoch 337/500, Loss: 40.2335
Epoch 338/500, Loss: 40.2375
Epoch 339/500, Loss: 40.2359
Epoch 340/500, Loss: 40.2166
Epoch 341/500, Loss: 40.2218
Epoch 342/500, Loss: 40.2277
Epoch 343/500, Loss: 40.2335
Epoch 344/500, Loss: 40.2359
Epoch 345/500, Loss: 40.2218
Epoch 346/500, Loss: 40.2118
Epoch 347/500, Loss: 40.2103
Epoch 348/500, Loss: 40.2354
Epoch 349/500, Loss: 40.2168
Epoch 350/500, Loss: 40.2099
Epoch 351/500, Loss: 40.2147
Epoch 352/500, Loss: 40.2224
Epoch 353/500, Loss: 40.2135
Epoch 354/500, Loss: 40.2242
Epoch 355/500, Loss: 40.2109
Epoch 356/500, Loss: 40.2022
Epoch 357/500, Loss: 40.2019
Epoch 358/500, Loss: 40.2026
Epoch 359/500, Loss: 40.2000
Epoch 360/500, Loss: 40.1949
Epoch 361/500, Loss: 40.2138
Epoch 362/500, Loss: 40.1991
Epoch 363/500, Loss: 40.1956
Epoch 364/500, Loss: 40.2012
Epoch 365/500, Loss: 40.1900
Epoch 366/500, Loss: 40.1983
Epoch 367/500, Loss: 40.1936
Epoch 368/500, Loss: 40.1885
Epoch 369/500, Loss: 40.1878
Epoch 370/500, Loss: 40.1965
Epoch 371/500, Loss: 40.1995
Epoch 372/500, Loss: 40.1871
Epoch 373/500, Loss: 40.2095
Epoch 374/500, Loss: 40.2050
Epoch 375/500, Loss: 40.2026
Epoch 376/500, Loss: 40.2047
Epoch 377/500, Loss: 40.1929
Epoch 378/500, Loss: 40.1914
Epoch 379/500, Loss: 40.1967
Epoch 380/500, Loss: 40.2033
Epoch 381/500, Loss: 40.1875
Epoch 382/500, Loss: 40.1789
Epoch 383/500, Loss: 40.1879
Epoch 384/500, Loss: 40.1886
Epoch 385/500, Loss: 40.1780
Epoch 386/500, Loss: 40.1781
Epoch 387/500, Loss: 40.1855
Epoch 388/500, Loss: 40.1904
Epoch 389/500, Loss: 40.1826
Epoch 390/500, Loss: 40.1956
Epoch 391/500, Loss: 40.1852
Epoch 392/500, Loss: 40.1815
Epoch 393/500, Loss: 40.1807
Epoch 394/500, Loss: 40.1895
Epoch 395/500, Loss: 40.1696
Epoch 396/500, Loss: 40.1762
Epoch 397/500, Loss: 40.1768
Epoch 398/500, Loss: 40.1791
Epoch 399/500, Loss: 40.1785
Epoch 400/500, Loss: 40.1714
Epoch 401/500, Loss: 40.1729
Epoch 402/500, Loss: 40.1637
Epoch 403/500, Loss: 40.1748
Epoch 404/500, Loss: 40.1783
Epoch 405/500, Loss: 40.1751
Epoch 406/500, Loss: 40.1781
Epoch 407/500, Loss: 40.1698
Epoch 408/500, Loss: 40.1732
Epoch 409/500, Loss: 40.1698
Epoch 410/500, Loss: 40.1706
Epoch 411/500, Loss: 40.1717
Epoch 412/500, Loss: 40.1698
Epoch 413/500, Loss: 40.1623
Epoch 414/500, Loss: 40.1637
Epoch 415/500, Loss: 40.1699
Epoch 416/500, Loss: 40.1785
Epoch 417/500, Loss: 40.1787
Epoch 418/500, Loss: 40.1725
Epoch 419/500, Loss: 40.1769
Epoch 420/500, Loss: 40.1557
Epoch 421/500, Loss: 40.1642
Epoch 422/500, Loss: 40.1690
Epoch 423/500, Loss: 40.1713
Epoch 424/500, Loss: 40.1663
Epoch 425/500, Loss: 40.1678
Epoch 426/500, Loss: 40.1726
Epoch 427/500, Loss: 40.1575
Epoch 428/500, Loss: 40.1539
Epoch 429/500, Loss: 40.1634
Epoch 430/500, Loss: 40.1501
Epoch 431/500, Loss: 40.1462
Epoch 432/500, Loss: 40.1552
Epoch 433/500, Loss: 40.1590
Epoch 434/500, Loss: 40.1511
Epoch 435/500, Loss: 40.1432
Epoch 436/500, Loss: 40.1454
Epoch 437/500, Loss: 40.1420
Epoch 438/500, Loss: 40.1537
Epoch 439/500, Loss: 40.1550
Epoch 440/500, Loss: 40.1474
Epoch 441/500, Loss: 40.1484
Epoch 442/500, Loss: 40.1440
Epoch 443/500, Loss: 40.1412
Epoch 444/500, Loss: 40.1497
Epoch 445/500, Loss: 40.1452
Epoch 446/500, Loss: 40.1528
Epoch 447/500, Loss: 40.1436
Epoch 448/500, Loss: 40.1458
Epoch 449/500, Loss: 40.1468
Epoch 450/500, Loss: 40.1451
Epoch 451/500, Loss: 40.1375
Epoch 452/500, Loss: 40.1399
Epoch 453/500, Loss: 40.1482
Epoch 454/500, Loss: 40.1408
Epoch 455/500, Loss: 40.1339
Epoch 456/500, Loss: 40.1244
Epoch 457/500, Loss: 40.1391
Epoch 458/500, Loss: 40.1436
Epoch 459/500, Loss: 40.1391
Epoch 460/500, Loss: 40.1429
Epoch 461/500, Loss: 40.1454
Epoch 462/500, Loss: 40.1242
Epoch 463/500, Loss: 40.1330
Epoch 464/500, Loss: 40.1278
Epoch 465/500, Loss: 40.1184
Epoch 466/500, Loss: 40.1350
Epoch 467/500, Loss: 40.1302
Epoch 468/500, Loss: 40.1304
Epoch 469/500, Loss: 40.1257
Epoch 470/500, Loss: 40.1335
Epoch 471/500, Loss: 40.1262
Epoch 472/500, Loss: 40.1283
Epoch 473/500, Loss: 40.1440
Epoch 474/500, Loss: 40.1291
Epoch 475/500, Loss: 40.1214
Epoch 476/500, Loss: 40.1270
Epoch 477/500, Loss: 40.1211
Epoch 478/500, Loss: 40.1249
Epoch 479/500, Loss: 40.1176
Epoch 480/500, Loss: 40.1157
Epoch 481/500, Loss: 40.1135
Epoch 482/500, Loss: 40.1112
Epoch 483/500, Loss: 40.1151
Epoch 484/500, Loss: 40.1220
Epoch 485/500, Loss: 40.1218
Epoch 486/500, Loss: 40.1137
Epoch 487/500, Loss: 40.1063
Epoch 488/500, Loss: 40.1058
Epoch 489/500, Loss: 40.1140
Epoch 490/500, Loss: 40.1140
Epoch 491/500, Loss: 40.1104
Epoch 492/500, Loss: 40.1043
Epoch 493/500, Loss: 40.1106
Epoch 494/500, Loss: 40.1136
Epoch 495/500, Loss: 40.1127
Epoch 496/500, Loss: 40.1032
Epoch 497/500, Loss: 40.1178
Epoch 498/500, Loss: 40.1032
Epoch 499/500, Loss: 40.1063
Epoch 500/500, Loss: 40.1124
Epoch 1/500, Loss: 3.6636
Epoch 2/500, Loss: 3.6636
Epoch 3/500, Loss: 3.6636
Epoch 4/500, Loss: 3.6636
Epoch 5/500, Loss: 3.6636
Epoch 6/500, Loss: 3.6636
Epoch 7/500, Loss: 3.6636
Epoch 8/500, Loss: 3.6636
Epoch 9/500, Loss: 3.6636
Epoch 10/500, Loss: 3.6636
Epoch 11/500, Loss: 3.6636
Epoch 12/500, Loss: 3.6636
Epoch 13/500, Loss: 3.6636
Epoch 14/500, Loss: 3.6636
Epoch 15/500, Loss: 3.6636
Epoch 16/500, Loss: 3.6636
Epoch 17/500, Loss: 3.6636
Epoch 18/500, Loss: 3.6636
Epoch 19/500, Loss: 3.6636
Epoch 20/500, Loss: 3.6636
Epoch 21/500, Loss: 3.6636
Epoch 22/500, Loss: 3.6636
Epoch 23/500, Loss: 3.6636
Epoch 24/500, Loss: 3.6636
Epoch 25/500, Loss: 3.6636
Epoch 26/500, Loss: 3.6636
Epoch 27/500, Loss: 3.6636
Epoch 28/500, Loss: 3.6636
Epoch 29/500, Loss: 3.6636
Epoch 30/500, Loss: 3.6636
Epoch 31/500, Loss: 3.6636
Epoch 32/500, Loss: 3.6636
Epoch 33/500, Loss: 3.6636
Epoch 34/500, Loss: 3.6636
Epoch 35/500, Loss: 3.6636
Epoch 36/500, Loss: 3.6636
Epoch 37/500, Loss: 3.6636
Epoch 38/500, Loss: 3.6636
Epoch 39/500, Loss: 3.6636
Epoch 40/500, Loss: 3.6636
Epoch 41/500, Loss: 3.6636
Epoch 42/500, Loss: 3.6636
Epoch 43/500, Loss: 3.6636
Epoch 44/500, Loss: 3.6636
Epoch 45/500, Loss: 3.6636
Epoch 46/500, Loss: 3.6636
Epoch 47/500, Loss: 3.6636
Epoch 48/500, Loss: 3.6636
Epoch 49/500, Loss: 3.6636
Epoch 50/500, Loss: 3.6636
Epoch 51/500, Loss: 3.6636
Epoch 52/500, Loss: 3.6636
Epoch 53/500, Loss: 3.6636
Epoch 54/500, Loss: 3.6636
Epoch 55/500, Loss: 3.6636
Epoch 56/500, Loss: 3.6636
Epoch 57/500, Loss: 3.6636
Epoch 58/500, Loss: 3.6636
Epoch 59/500, Loss: 3.6636
Epoch 60/500, Loss: 3.6636
Epoch 61/500, Loss: 3.6636
Epoch 62/500, Loss: 3.6636
Epoch 63/500, Loss: 3.6636
Epoch 64/500, Loss: 3.6636
Epoch 65/500, Loss: 3.6636
Epoch 66/500, Loss: 3.6636
Epoch 67/500, Loss: 3.6636
Epoch 68/500, Loss: 3.6636
Epoch 69/500, Loss: 3.6636
Epoch 70/500, Loss: 3.6636
Epoch 71/500, Loss: 3.6636
Epoch 72/500, Loss: 3.6636
Epoch 73/500, Loss: 3.6636
Epoch 74/500, Loss: 3.6636
Epoch 75/500, Loss: 3.6636
Epoch 76/500, Loss: 3.6636
Epoch 77/500, Loss: 3.6636
Epoch 78/500, Loss: 3.6636
Epoch 79/500, Loss: 3.6636
Epoch 80/500, Loss: 3.6636
Epoch 81/500, Loss: 3.6636
Epoch 82/500, Loss: 3.6636
Epoch 83/500, Loss: 3.6636
Epoch 84/500, Loss: 3.6636
Epoch 85/500, Loss: 3.6636
Epoch 86/500, Loss: 3.6636
Epoch 87/500, Loss: 3.6636
Epoch 88/500, Loss: 3.6636
Epoch 89/500, Loss: 3.6636
Epoch 90/500, Loss: 3.6636
Epoch 91/500, Loss: 3.6636
Epoch 92/500, Loss: 3.6636
Epoch 93/500, Loss: 3.6636
Epoch 94/500, Loss: 3.6636
Epoch 95/500, Loss: 3.6636
Epoch 96/500, Loss: 3.6636
Epoch 97/500, Loss: 3.6636
Epoch 98/500, Loss: 3.6636
Epoch 99/500, Loss: 3.6636
Epoch 100/500, Loss: 3.6636
Epoch 101/500, Loss: 3.6636
Epoch 102/500, Loss: 3.6636
Epoch 103/500, Loss: 3.6636
Epoch 104/500, Loss: 3.6636
Epoch 105/500, Loss: 3.6636
Epoch 106/500, Loss: 3.6636
Epoch 107/500, Loss: 3.6636
Epoch 108/500, Loss: 3.6636
Epoch 109/500, Loss: 3.6636
Epoch 110/500, Loss: 3.6636
Epoch 111/500, Loss: 3.6636
Epoch 112/500, Loss: 3.6636
Epoch 113/500, Loss: 3.6636
Epoch 114/500, Loss: 3.6636
Epoch 115/500, Loss: 3.6636
Epoch 116/500, Loss: 3.6636
Epoch 117/500, Loss: 3.6636
Epoch 118/500, Loss: 3.6636
Epoch 119/500, Loss: 3.6636
Epoch 120/500, Loss: 3.6636
Epoch 121/500, Loss: 3.6636
Epoch 122/500, Loss: 3.6636
Epoch 123/500, Loss: 3.6636
Epoch 124/500, Loss: 3.6636
Epoch 125/500, Loss: 3.6636
Epoch 126/500, Loss: 3.6636
Epoch 127/500, Loss: 3.6636
Epoch 128/500, Loss: 3.6636
Epoch 129/500, Loss: 3.6636
Epoch 130/500, Loss: 3.6636
Epoch 131/500, Loss: 3.6636
Epoch 132/500, Loss: 3.6636
Epoch 133/500, Loss: 3.6636
Epoch 134/500, Loss: 3.6636
Epoch 135/500, Loss: 3.6636
Epoch 136/500, Loss: 3.6636
Epoch 137/500, Loss: 3.6636
Epoch 138/500, Loss: 3.6636
Epoch 139/500, Loss: 3.6636
Epoch 140/500, Loss: 3.6636
Epoch 141/500, Loss: 3.6636
Epoch 142/500, Loss: 3.6636
Epoch 143/500, Loss: 3.6636
Epoch 144/500, Loss: 3.6636
Epoch 145/500, Loss: 3.6636
Epoch 146/500, Loss: 3.6636
Epoch 147/500, Loss: 3.6636
Epoch 148/500, Loss: 3.6636
Epoch 149/500, Loss: 3.6636
Epoch 150/500, Loss: 3.6636
Epoch 151/500, Loss: 3.6636
Epoch 152/500, Loss: 3.6636
Epoch 153/500, Loss: 3.6636
Epoch 154/500, Loss: 3.6636
Epoch 155/500, Loss: 3.6636
Epoch 156/500, Loss: 3.6636
Epoch 157/500, Loss: 3.6636
Epoch 158/500, Loss: 3.6636
Epoch 159/500, Loss: 3.6636
Epoch 160/500, Loss: 3.6636
Epoch 161/500, Loss: 3.6636
Epoch 162/500, Loss: 3.6636
Epoch 163/500, Loss: 3.6636
Epoch 164/500, Loss: 3.6636
Epoch 165/500, Loss: 3.6636
Epoch 166/500, Loss: 3.6636
Epoch 167/500, Loss: 3.6636
Epoch 168/500, Loss: 3.6636
Epoch 169/500, Loss: 3.6636
Epoch 170/500, Loss: 3.6636
Epoch 171/500, Loss: 3.6636
Epoch 172/500, Loss: 3.6636
Epoch 173/500, Loss: 3.6636
Epoch 174/500, Loss: 3.6636
Epoch 175/500, Loss: 3.6636
Epoch 176/500, Loss: 3.6636
Epoch 177/500, Loss: 3.6636
Epoch 178/500, Loss: 3.6636
Epoch 179/500, Loss: 3.6636
Epoch 180/500, Loss: 3.6636
Epoch 181/500, Loss: 3.6636
Epoch 182/500, Loss: 3.6636
Epoch 183/500, Loss: 3.6636
Epoch 184/500, Loss: 3.6636
Epoch 185/500, Loss: 3.6636
Epoch 186/500, Loss: 3.6636
Epoch 187/500, Loss: 3.6636
Epoch 188/500, Loss: 3.6636
Epoch 189/500, Loss: 3.6636
Epoch 190/500, Loss: 3.6636
Epoch 191/500, Loss: 3.6636
Epoch 192/500, Loss: 3.6636
Epoch 193/500, Loss: 3.6636
Epoch 194/500, Loss: 3.6636
Epoch 195/500, Loss: 3.6636
Epoch 196/500, Loss: 3.6636
Epoch 197/500, Loss: 3.6636
Epoch 198/500, Loss: 3.6636
Epoch 199/500, Loss: 3.6636
Epoch 200/500, Loss: 3.6636
Epoch 201/500, Loss: 3.6636
Epoch 202/500, Loss: 3.6636
Epoch 203/500, Loss: 3.6636
Epoch 204/500, Loss: 3.6636
Epoch 205/500, Loss: 3.6636
Epoch 206/500, Loss: 3.6636
Epoch 207/500, Loss: 3.6636
Epoch 208/500, Loss: 3.6636
Epoch 209/500, Loss: 3.6636
Epoch 210/500, Loss: 3.6636
Epoch 211/500, Loss: 3.6636
Epoch 212/500, Loss: 3.6636
Epoch 213/500, Loss: 3.6636
Epoch 214/500, Loss: 3.6636
Epoch 215/500, Loss: 3.6636
Epoch 216/500, Loss: 3.6636
Epoch 217/500, Loss: 3.6636
Epoch 218/500, Loss: 3.6636
Epoch 219/500, Loss: 3.6636
Epoch 220/500, Loss: 3.6636
Epoch 221/500, Loss: 3.6636
Epoch 222/500, Loss: 3.6636
Epoch 223/500, Loss: 3.6636
Epoch 224/500, Loss: 3.6636
Epoch 225/500, Loss: 3.6636
Epoch 226/500, Loss: 3.6636
Epoch 227/500, Loss: 3.6636
Epoch 228/500, Loss: 3.6636
Epoch 229/500, Loss: 3.6636
Epoch 230/500, Loss: 3.6636
Epoch 231/500, Loss: 3.6636
Epoch 232/500, Loss: 3.6636
Epoch 233/500, Loss: 3.6636
Epoch 234/500, Loss: 3.6636
Epoch 235/500, Loss: 3.6636
Epoch 236/500, Loss: 3.6636
Epoch 237/500, Loss: 3.6636
Epoch 238/500, Loss: 3.6636
Epoch 239/500, Loss: 3.6636
Epoch 240/500, Loss: 3.6636
Epoch 241/500, Loss: 3.6636
Epoch 242/500, Loss: 3.6636
Epoch 243/500, Loss: 3.6636
Epoch 244/500, Loss: 3.6636
Epoch 245/500, Loss: 3.6636
Epoch 246/500, Loss: 3.6636
Epoch 247/500, Loss: 3.6636
Epoch 248/500, Loss: 3.6636
Epoch 249/500, Loss: 3.6636
Epoch 250/500, Loss: 3.6636
Epoch 251/500, Loss: 3.6636
Epoch 252/500, Loss: 3.6636
Epoch 253/500, Loss: 3.6636
Epoch 254/500, Loss: 3.6636
Epoch 255/500, Loss: 3.6636
Epoch 256/500, Loss: 3.6636
Epoch 257/500, Loss: 3.6636
Epoch 258/500, Loss: 3.6636
Epoch 259/500, Loss: 3.6636
Epoch 260/500, Loss: 3.6636
Epoch 261/500, Loss: 3.6636
Epoch 262/500, Loss: 3.6636
Epoch 263/500, Loss: 3.6636
Epoch 264/500, Loss: 3.6636
Epoch 265/500, Loss: 3.6636
Epoch 266/500, Loss: 3.6636
Epoch 267/500, Loss: 3.6636
Epoch 268/500, Loss: 3.6636
Epoch 269/500, Loss: 3.6636
Epoch 270/500, Loss: 3.6636
Epoch 271/500, Loss: 3.6636
Epoch 272/500, Loss: 3.6636
Epoch 273/500, Loss: 3.6636
Epoch 274/500, Loss: 3.6636
Epoch 275/500, Loss: 3.6636
Epoch 276/500, Loss: 3.6636
Epoch 277/500, Loss: 3.6636
Epoch 278/500, Loss: 3.6636
Epoch 279/500, Loss: 3.6636
Epoch 280/500, Loss: 3.6636
Epoch 281/500, Loss: 3.6636
Epoch 282/500, Loss: 3.6636
Epoch 283/500, Loss: 3.6636
Epoch 284/500, Loss: 3.6636
Epoch 285/500, Loss: 3.6636
Epoch 286/500, Loss: 3.6636
Epoch 287/500, Loss: 3.6636
Epoch 288/500, Loss: 3.6636
Epoch 289/500, Loss: 3.6636
Epoch 290/500, Loss: 3.6636
Epoch 291/500, Loss: 3.6636
Epoch 292/500, Loss: 3.6636
Epoch 293/500, Loss: 3.6636
Epoch 294/500, Loss: 3.6636
Epoch 295/500, Loss: 3.6636
Epoch 296/500, Loss: 3.6636
Epoch 297/500, Loss: 3.6636
Epoch 298/500, Loss: 3.6636
Epoch 299/500, Loss: 3.6636
Epoch 300/500, Loss: 3.6636
Epoch 301/500, Loss: 3.6636
Epoch 302/500, Loss: 3.6636
Epoch 303/500, Loss: 3.6636
Epoch 304/500, Loss: 3.6636
Epoch 305/500, Loss: 3.6636
Epoch 306/500, Loss: 3.6636
Epoch 307/500, Loss: 3.6636
Epoch 308/500, Loss: 3.6636
Epoch 309/500, Loss: 3.6636
Epoch 310/500, Loss: 3.6636
Epoch 311/500, Loss: 3.6636
Epoch 312/500, Loss: 3.6636
Epoch 313/500, Loss: 3.6636
Epoch 314/500, Loss: 3.6636
Epoch 315/500, Loss: 3.6636
Epoch 316/500, Loss: 3.6636
Epoch 317/500, Loss: 3.6636
Epoch 318/500, Loss: 3.6636
Epoch 319/500, Loss: 3.6636
Epoch 320/500, Loss: 3.6636
Epoch 321/500, Loss: 3.6636
Epoch 322/500, Loss: 3.6636
Epoch 323/500, Loss: 3.6636
Epoch 324/500, Loss: 3.6636
Epoch 325/500, Loss: 3.6636
Epoch 326/500, Loss: 3.6636
Epoch 327/500, Loss: 3.6636
Epoch 328/500, Loss: 3.6636
Epoch 329/500, Loss: 3.6636
Epoch 330/500, Loss: 3.6636
Epoch 331/500, Loss: 3.6636
Epoch 332/500, Loss: 3.6636
Epoch 333/500, Loss: 3.6636
Epoch 334/500, Loss: 3.6636
Epoch 335/500, Loss: 3.6636
Epoch 336/500, Loss: 3.6636
Epoch 337/500, Loss: 3.6636
Epoch 338/500, Loss: 3.6636
Epoch 339/500, Loss: 3.6636
Epoch 340/500, Loss: 3.6636
Epoch 341/500, Loss: 3.6636
Epoch 342/500, Loss: 3.6636
Epoch 343/500, Loss: 3.6636
Epoch 344/500, Loss: 3.6636
Epoch 345/500, Loss: 3.6636
Epoch 346/500, Loss: 3.6636
Epoch 347/500, Loss: 3.6636
Epoch 348/500, Loss: 3.6636
Epoch 349/500, Loss: 3.6636
Epoch 350/500, Loss: 3.6636
Epoch 351/500, Loss: 3.6636
Epoch 352/500, Loss: 3.6636
Epoch 353/500, Loss: 3.6636
Epoch 354/500, Loss: 3.6636
Epoch 355/500, Loss: 3.6636
Epoch 356/500, Loss: 3.6636
Epoch 357/500, Loss: 3.6636
Epoch 358/500, Loss: 3.6636
Epoch 359/500, Loss: 3.6636
Epoch 360/500, Loss: 3.6636
Epoch 361/500, Loss: 3.6636
Epoch 362/500, Loss: 3.6636
Epoch 363/500, Loss: 3.6636
Epoch 364/500, Loss: 3.6636
Epoch 365/500, Loss: 3.6636
Epoch 366/500, Loss: 3.6636
Epoch 367/500, Loss: 3.6636
Epoch 368/500, Loss: 3.6636
Epoch 369/500, Loss: 3.6636
Epoch 370/500, Loss: 3.6636
Epoch 371/500, Loss: 3.6636
Epoch 372/500, Loss: 3.6636
Epoch 373/500, Loss: 3.6636
Epoch 374/500, Loss: 3.6636
Epoch 375/500, Loss: 3.6636
Epoch 376/500, Loss: 3.6636
Epoch 377/500, Loss: 3.6636
Epoch 378/500, Loss: 3.6636
Epoch 379/500, Loss: 3.6636
Epoch 380/500, Loss: 3.6636
Epoch 381/500, Loss: 3.6636
Epoch 382/500, Loss: 3.6636
Epoch 383/500, Loss: 3.6636
Epoch 384/500, Loss: 3.6636
Epoch 385/500, Loss: 3.6636
Epoch 386/500, Loss: 3.6636
Epoch 387/500, Loss: 3.6636
Epoch 388/500, Loss: 3.6636
Epoch 389/500, Loss: 3.6636
Epoch 390/500, Loss: 3.6636
Epoch 391/500, Loss: 3.6636
Epoch 392/500, Loss: 3.6636
Epoch 393/500, Loss: 3.6636
Epoch 394/500, Loss: 3.6636
Epoch 395/500, Loss: 3.6636
Epoch 396/500, Loss: 3.6636
Epoch 397/500, Loss: 3.6636
Epoch 398/500, Loss: 3.6636
Epoch 399/500, Loss: 3.6636
Epoch 400/500, Loss: 3.6636
Epoch 401/500, Loss: 3.6636
Epoch 402/500, Loss: 3.6636
Epoch 403/500, Loss: 3.6636
Epoch 404/500, Loss: 3.6636
Epoch 405/500, Loss: 3.6636
Epoch 406/500, Loss: 3.6636
Epoch 407/500, Loss: 3.6636
Epoch 408/500, Loss: 3.6636
Epoch 409/500, Loss: 3.6636
Epoch 410/500, Loss: 3.6636
Epoch 411/500, Loss: 3.6636
Epoch 412/500, Loss: 3.6636
Epoch 413/500, Loss: 3.6636
Epoch 414/500, Loss: 3.6636
Epoch 415/500, Loss: 3.6636
Epoch 416/500, Loss: 3.6636
Epoch 417/500, Loss: 3.6636
Epoch 418/500, Loss: 3.6636
Epoch 419/500, Loss: 3.6636
Epoch 420/500, Loss: 3.6636
Epoch 421/500, Loss: 3.6636
Epoch 422/500, Loss: 3.6636
Epoch 423/500, Loss: 3.6636
Epoch 424/500, Loss: 3.6636
Epoch 425/500, Loss: 3.6636
Epoch 426/500, Loss: 3.6636
Epoch 427/500, Loss: 3.6636
Epoch 428/500, Loss: 3.6636
Epoch 429/500, Loss: 3.6636
Epoch 430/500, Loss: 3.6636
Epoch 431/500, Loss: 3.6636
Epoch 432/500, Loss: 3.6636
Epoch 433/500, Loss: 3.6636
Epoch 434/500, Loss: 3.6636
Epoch 435/500, Loss: 3.6636
Epoch 436/500, Loss: 3.6636
Epoch 437/500, Loss: 3.6636
Epoch 438/500, Loss: 3.6636
Epoch 439/500, Loss: 3.6636
Epoch 440/500, Loss: 3.6636
Epoch 441/500, Loss: 3.6636
Epoch 442/500, Loss: 3.6636
Epoch 443/500, Loss: 3.6636
Epoch 444/500, Loss: 3.6636
Epoch 445/500, Loss: 3.6636
Epoch 446/500, Loss: 3.6636
Epoch 447/500, Loss: 3.6636
Epoch 448/500, Loss: 3.6636
Epoch 449/500, Loss: 3.6636
Epoch 450/500, Loss: 3.6636
Epoch 451/500, Loss: 3.6636
Epoch 452/500, Loss: 3.6636
Epoch 453/500, Loss: 3.6636
Epoch 454/500, Loss: 3.6636
Epoch 455/500, Loss: 3.6636
Epoch 456/500, Loss: 3.6636
Epoch 457/500, Loss: 3.6636
Epoch 458/500, Loss: 3.6636
Epoch 459/500, Loss: 3.6636
Epoch 460/500, Loss: 3.6636
Epoch 461/500, Loss: 3.6636
Epoch 462/500, Loss: 3.6636
Epoch 463/500, Loss: 3.6636
Epoch 464/500, Loss: 3.6636
Epoch 465/500, Loss: 3.6636
Epoch 466/500, Loss: 3.6636
Epoch 467/500, Loss: 3.6636
Epoch 468/500, Loss: 3.6636
Epoch 469/500, Loss: 3.6636
Epoch 470/500, Loss: 3.6636
Epoch 471/500, Loss: 3.6636
Epoch 472/500, Loss: 3.6636
Epoch 473/500, Loss: 3.6636
Epoch 474/500, Loss: 3.6636
Epoch 475/500, Loss: 3.6636
Epoch 476/500, Loss: 3.6636
Epoch 477/500, Loss: 3.6636
Epoch 478/500, Loss: 3.6636
Epoch 479/500, Loss: 3.6636
Epoch 480/500, Loss: 3.6636
Epoch 481/500, Loss: 3.6636
Epoch 482/500, Loss: 3.6636
Epoch 483/500, Loss: 3.6636
Epoch 484/500, Loss: 3.6636
Epoch 485/500, Loss: 3.6636
Epoch 486/500, Loss: 3.6636
Epoch 487/500, Loss: 3.6636
Epoch 488/500, Loss: 3.6636
Epoch 489/500, Loss: 3.6636
Epoch 490/500, Loss: 3.6636
Epoch 491/500, Loss: 3.6636
Epoch 492/500, Loss: 3.6636
Epoch 493/500, Loss: 3.6636
Epoch 494/500, Loss: 3.6636
Epoch 495/500, Loss: 3.6636
Epoch 496/500, Loss: 3.6636
Epoch 497/500, Loss: 3.6636
Epoch 498/500, Loss: 3.6636
Epoch 499/500, Loss: 3.6636
Epoch 500/500, Loss: 3.6636
Epoch 1/500, Loss: 198.3225
Epoch 2/500, Loss: 194.0765
Epoch 3/500, Loss: 194.0381
Epoch 4/500, Loss: 193.9973
Epoch 5/500, Loss: 188.3143
Epoch 6/500, Loss: 181.1381
Epoch 7/500, Loss: 176.3486
Epoch 8/500, Loss: 170.9888
Epoch 9/500, Loss: 166.8707
Epoch 10/500, Loss: 162.8554
Epoch 11/500, Loss: 159.8458
Epoch 12/500, Loss: 157.5292
Epoch 13/500, Loss: 155.6622
Epoch 14/500, Loss: 154.8023
Epoch 15/500, Loss: 154.1370
Epoch 16/500, Loss: 153.4598
Epoch 17/500, Loss: 152.6719
Epoch 18/500, Loss: 151.8836
Epoch 19/500, Loss: 151.5420
Epoch 20/500, Loss: 151.1535
Epoch 21/500, Loss: 150.6365
Epoch 22/500, Loss: 149.9796
Epoch 23/500, Loss: 149.4180
Epoch 24/500, Loss: 148.9885
Epoch 25/500, Loss: 148.7461
Epoch 26/500, Loss: 148.5451
Epoch 27/500, Loss: 148.3344
Epoch 28/500, Loss: 148.1367
Epoch 29/500, Loss: 147.9534
Epoch 30/500, Loss: 147.6923
Epoch 31/500, Loss: 147.4713
Epoch 32/500, Loss: 147.3034
Epoch 33/500, Loss: 147.2479
Epoch 34/500, Loss: 147.2481
Epoch 35/500, Loss: 147.0864
Epoch 36/500, Loss: 146.9119
Epoch 37/500, Loss: 146.7644
Epoch 38/500, Loss: 146.5695
Epoch 39/500, Loss: 146.4708
Epoch 40/500, Loss: 146.3635
Epoch 41/500, Loss: 146.2650
Epoch 42/500, Loss: 146.1858
Epoch 43/500, Loss: 146.0115
Epoch 44/500, Loss: 145.9627
Epoch 45/500, Loss: 145.8413
Epoch 46/500, Loss: 145.7547
Epoch 47/500, Loss: 145.6626
Epoch 48/500, Loss: 145.6447
Epoch 49/500, Loss: 145.5914
Epoch 50/500, Loss: 145.5255
Epoch 51/500, Loss: 145.4313
Epoch 52/500, Loss: 145.3119
Epoch 53/500, Loss: 145.2043
Epoch 54/500, Loss: 145.1667
Epoch 55/500, Loss: 145.0516
Epoch 56/500, Loss: 145.0419
Epoch 57/500, Loss: 144.9510
Epoch 58/500, Loss: 144.8738
Epoch 59/500, Loss: 144.8611
Epoch 60/500, Loss: 144.7905
Epoch 61/500, Loss: 144.6892
Epoch 62/500, Loss: 144.6646
Epoch 63/500, Loss: 144.6510
Epoch 64/500, Loss: 144.6460
Epoch 65/500, Loss: 144.5323
Epoch 66/500, Loss: 144.5099
Epoch 67/500, Loss: 144.4467
Epoch 68/500, Loss: 144.3543
Epoch 69/500, Loss: 144.2841
Epoch 70/500, Loss: 144.2526
Epoch 71/500, Loss: 144.2442
Epoch 72/500, Loss: 144.2017
Epoch 73/500, Loss: 144.1875
Epoch 74/500, Loss: 144.1374
Epoch 75/500, Loss: 144.0707
Epoch 76/500, Loss: 144.0866
Epoch 77/500, Loss: 144.0002
Epoch 78/500, Loss: 143.9829
Epoch 79/500, Loss: 143.9219
Epoch 80/500, Loss: 143.8493
Epoch 81/500, Loss: 143.8212
Epoch 82/500, Loss: 143.7533
Epoch 83/500, Loss: 143.7109
Epoch 84/500, Loss: 143.6530
Epoch 85/500, Loss: 143.6178
Epoch 86/500, Loss: 143.5378
Epoch 87/500, Loss: 143.5097
Epoch 88/500, Loss: 143.5262
Epoch 89/500, Loss: 143.4467
Epoch 90/500, Loss: 143.3814
Epoch 91/500, Loss: 143.3776
Epoch 92/500, Loss: 143.3149
Epoch 93/500, Loss: 143.2749
Epoch 94/500, Loss: 143.2629
Epoch 95/500, Loss: 143.1959
Epoch 96/500, Loss: 143.1921
Epoch 97/500, Loss: 143.1326
Epoch 98/500, Loss: 143.1323
Epoch 99/500, Loss: 143.1474
Epoch 100/500, Loss: 143.0782
Epoch 101/500, Loss: 143.0381
Epoch 102/500, Loss: 143.0344
Epoch 103/500, Loss: 142.9990
Epoch 104/500, Loss: 142.9591
Epoch 105/500, Loss: 142.9373
Epoch 106/500, Loss: 142.9630
Epoch 107/500, Loss: 142.9667
Epoch 108/500, Loss: 142.9469
Epoch 109/500, Loss: 142.9563
Epoch 110/500, Loss: 142.9309
Epoch 111/500, Loss: 142.8647
Epoch 112/500, Loss: 142.8317
Epoch 113/500, Loss: 142.8297
Epoch 114/500, Loss: 142.7996
Epoch 115/500, Loss: 142.7978
Epoch 116/500, Loss: 142.7761
Epoch 117/500, Loss: 142.7184
Epoch 118/500, Loss: 142.7180
Epoch 119/500, Loss: 142.6974
Epoch 120/500, Loss: 142.6560
Epoch 121/500, Loss: 142.6223
Epoch 122/500, Loss: 142.6497
Epoch 123/500, Loss: 142.6237
Epoch 124/500, Loss: 142.6089
Epoch 125/500, Loss: 142.5853
Epoch 126/500, Loss: 142.5691
Epoch 127/500, Loss: 142.5329
Epoch 128/500, Loss: 142.5332
Epoch 129/500, Loss: 142.5064
Epoch 130/500, Loss: 142.4698
Epoch 131/500, Loss: 142.4994
Epoch 132/500, Loss: 142.4697
Epoch 133/500, Loss: 142.4464
Epoch 134/500, Loss: 142.4018
Epoch 135/500, Loss: 142.4579
Epoch 136/500, Loss: 142.3805
Epoch 137/500, Loss: 142.4036
Epoch 138/500, Loss: 142.3926
Epoch 139/500, Loss: 142.3512
Epoch 140/500, Loss: 142.3573
Epoch 141/500, Loss: 142.3042
Epoch 142/500, Loss: 142.3117
Epoch 143/500, Loss: 142.3008
Epoch 144/500, Loss: 142.3204
Epoch 145/500, Loss: 142.3196
Epoch 146/500, Loss: 142.2563
Epoch 147/500, Loss: 142.2749
Epoch 148/500, Loss: 142.2309
Epoch 149/500, Loss: 142.2319
Epoch 150/500, Loss: 142.2468
Epoch 151/500, Loss: 142.2209
Epoch 152/500, Loss: 142.1990
Epoch 153/500, Loss: 142.1864
Epoch 154/500, Loss: 142.1341
Epoch 155/500, Loss: 142.1575
Epoch 156/500, Loss: 142.1341
Epoch 157/500, Loss: 142.0938
Epoch 158/500, Loss: 142.1109
Epoch 159/500, Loss: 142.0772
Epoch 160/500, Loss: 142.0366
Epoch 161/500, Loss: 142.0248
Epoch 162/500, Loss: 142.0192
Epoch 163/500, Loss: 142.0228
Epoch 164/500, Loss: 142.0327
Epoch 165/500, Loss: 142.0312
Epoch 166/500, Loss: 141.9846
Epoch 167/500, Loss: 141.9864
Epoch 168/500, Loss: 141.9756
Epoch 169/500, Loss: 141.9467
Epoch 170/500, Loss: 141.9518
Epoch 171/500, Loss: 141.9322
Epoch 172/500, Loss: 141.9098
Epoch 173/500, Loss: 141.9220
Epoch 174/500, Loss: 141.8991
Epoch 175/500, Loss: 141.8772
Epoch 176/500, Loss: 141.8585
Epoch 177/500, Loss: 141.8440
Epoch 178/500, Loss: 141.8629
Epoch 179/500, Loss: 141.8932
Epoch 180/500, Loss: 141.8390
Epoch 181/500, Loss: 141.8001
Epoch 182/500, Loss: 141.8022
Epoch 183/500, Loss: 141.8086
Epoch 184/500, Loss: 141.7721
Epoch 185/500, Loss: 141.7776
Epoch 186/500, Loss: 141.8071
Epoch 187/500, Loss: 141.7871
Epoch 188/500, Loss: 141.7864
Epoch 189/500, Loss: 141.7645
Epoch 190/500, Loss: 141.7260
Epoch 191/500, Loss: 141.7251
Epoch 192/500, Loss: 141.7441
Epoch 193/500, Loss: 141.7301
Epoch 194/500, Loss: 141.7039
Epoch 195/500, Loss: 141.7163
Epoch 196/500, Loss: 141.6924
Epoch 197/500, Loss: 141.7014
Epoch 198/500, Loss: 141.7236
Epoch 199/500, Loss: 141.7144
Epoch 200/500, Loss: 141.7127
Epoch 201/500, Loss: 141.7224
Epoch 202/500, Loss: 141.6974
Epoch 203/500, Loss: 141.6752
Epoch 204/500, Loss: 141.6481
Epoch 205/500, Loss: 141.6533
Epoch 206/500, Loss: 141.6249
Epoch 207/500, Loss: 141.6617
Epoch 208/500, Loss: 141.6299
Epoch 209/500, Loss: 141.6449
Epoch 210/500, Loss: 141.6385
Epoch 211/500, Loss: 141.6162
Epoch 212/500, Loss: 141.6019
Epoch 213/500, Loss: 141.6364
Epoch 214/500, Loss: 141.6268
Epoch 215/500, Loss: 141.5952
Epoch 216/500, Loss: 141.5814
Epoch 217/500, Loss: 141.5769
Epoch 218/500, Loss: 141.5502
Epoch 219/500, Loss: 141.5561
Epoch 220/500, Loss: 141.5723
Epoch 221/500, Loss: 141.5736
Epoch 222/500, Loss: 141.5741
Epoch 223/500, Loss: 141.5522
Epoch 224/500, Loss: 141.5411
Epoch 225/500, Loss: 141.5361
Epoch 226/500, Loss: 141.5262
Epoch 227/500, Loss: 141.5351
Epoch 228/500, Loss: 141.5055
Epoch 229/500, Loss: 141.5228
Epoch 230/500, Loss: 141.4913
Epoch 231/500, Loss: 141.4864
Epoch 232/500, Loss: 141.4675
Epoch 233/500, Loss: 141.4681
Epoch 234/500, Loss: 141.4714
Epoch 235/500, Loss: 141.4675
Epoch 236/500, Loss: 141.4485
Epoch 237/500, Loss: 141.4461
Epoch 238/500, Loss: 141.4183
Epoch 239/500, Loss: 141.4297
Epoch 240/500, Loss: 141.4125
Epoch 241/500, Loss: 141.4002
Epoch 242/500, Loss: 141.3938
Epoch 243/500, Loss: 141.3996
Epoch 244/500, Loss: 141.3859
Epoch 245/500, Loss: 141.3530
Epoch 246/500, Loss: 141.3264
Epoch 247/500, Loss: 141.3197
Epoch 248/500, Loss: 141.3274
Epoch 249/500, Loss: 141.3117
Epoch 250/500, Loss: 141.2828
Epoch 251/500, Loss: 141.3069
Epoch 252/500, Loss: 141.2903
Epoch 253/500, Loss: 141.3014
Epoch 254/500, Loss: 141.2788
Epoch 255/500, Loss: 141.2766
Epoch 256/500, Loss: 141.2982
Epoch 257/500, Loss: 141.2447
Epoch 258/500, Loss: 141.2792
Epoch 259/500, Loss: 141.2426
Epoch 260/500, Loss: 141.2700
Epoch 261/500, Loss: 141.2254
Epoch 262/500, Loss: 141.2374
Epoch 263/500, Loss: 141.2223
Epoch 264/500, Loss: 141.2299
Epoch 265/500, Loss: 141.2197
Epoch 266/500, Loss: 141.2152
Epoch 267/500, Loss: 141.1825
Epoch 268/500, Loss: 141.2023
Epoch 269/500, Loss: 141.2130
Epoch 270/500, Loss: 141.1735
Epoch 271/500, Loss: 141.1848
Epoch 272/500, Loss: 141.1842
Epoch 273/500, Loss: 141.1665
Epoch 274/500, Loss: 141.2050
Epoch 275/500, Loss: 141.1812
Epoch 276/500, Loss: 141.1627
Epoch 277/500, Loss: 141.1615
Epoch 278/500, Loss: 141.1160
Epoch 279/500, Loss: 141.1365
Epoch 280/500, Loss: 141.1169
Epoch 281/500, Loss: 141.1123
Epoch 282/500, Loss: 141.0817
Epoch 283/500, Loss: 141.1009
Epoch 284/500, Loss: 141.0643
Epoch 285/500, Loss: 141.0482
Epoch 286/500, Loss: 141.0539
Epoch 287/500, Loss: 141.0384
Epoch 288/500, Loss: 141.0649
Epoch 289/500, Loss: 141.0713
Epoch 290/500, Loss: 141.0742
Epoch 291/500, Loss: 141.0421
Epoch 292/500, Loss: 141.0458
Epoch 293/500, Loss: 141.0342
Epoch 294/500, Loss: 141.0290
Epoch 295/500, Loss: 141.0365
Epoch 296/500, Loss: 141.0025
Epoch 297/500, Loss: 140.9876
Epoch 298/500, Loss: 140.9887
Epoch 299/500, Loss: 140.9712
Epoch 300/500, Loss: 140.9634
Epoch 301/500, Loss: 140.9686
Epoch 302/500, Loss: 140.9706
Epoch 303/500, Loss: 140.9473
Epoch 304/500, Loss: 140.9490
Epoch 305/500, Loss: 140.9425
Epoch 306/500, Loss: 140.9297
Epoch 307/500, Loss: 140.9329
Epoch 308/500, Loss: 140.9301
Epoch 309/500, Loss: 140.8992
Epoch 310/500, Loss: 140.8802
Epoch 311/500, Loss: 140.9111
Epoch 312/500, Loss: 140.9264
Epoch 313/500, Loss: 140.8927
Epoch 314/500, Loss: 140.9108
Epoch 315/500, Loss: 140.8730
Epoch 316/500, Loss: 140.8721
Epoch 317/500, Loss: 140.8893
Epoch 318/500, Loss: 140.8747
Epoch 319/500, Loss: 140.8730
Epoch 320/500, Loss: 140.8486
Epoch 321/500, Loss: 140.8375
Epoch 322/500, Loss: 140.8571
Epoch 323/500, Loss: 140.8863
Epoch 324/500, Loss: 140.8489
Epoch 325/500, Loss: 140.8355
Epoch 326/500, Loss: 140.8057
Epoch 327/500, Loss: 140.8066
Epoch 328/500, Loss: 140.8265
Epoch 329/500, Loss: 140.8090
Epoch 330/500, Loss: 140.8004
Epoch 331/500, Loss: 140.7943
Epoch 332/500, Loss: 140.8079
Epoch 333/500, Loss: 140.7896
Epoch 334/500, Loss: 140.8006
Epoch 335/500, Loss: 140.7873
Epoch 336/500, Loss: 140.7877
Epoch 337/500, Loss: 140.7745
Epoch 338/500, Loss: 140.7699
Epoch 339/500, Loss: 140.8156
Epoch 340/500, Loss: 140.7932
Epoch 341/500, Loss: 140.7901
Epoch 342/500, Loss: 140.7713
Epoch 343/500, Loss: 140.8181
Epoch 344/500, Loss: 140.7692
Epoch 345/500, Loss: 140.7734
Epoch 346/500, Loss: 140.7769
Epoch 347/500, Loss: 140.7750
Epoch 348/500, Loss: 140.7586
Epoch 349/500, Loss: 140.7388
Epoch 350/500, Loss: 140.7526
Epoch 351/500, Loss: 140.7420
Epoch 352/500, Loss: 140.7256
Epoch 353/500, Loss: 140.7515
Epoch 354/500, Loss: 140.7450
Epoch 355/500, Loss: 140.7294
Epoch 356/500, Loss: 140.7401
Epoch 357/500, Loss: 140.7253
Epoch 358/500, Loss: 140.7097
Epoch 359/500, Loss: 140.7127
Epoch 360/500, Loss: 140.7232
Epoch 361/500, Loss: 140.7129
Epoch 362/500, Loss: 140.7128
Epoch 363/500, Loss: 140.7198
Epoch 364/500, Loss: 140.7011
Epoch 365/500, Loss: 140.7124
Epoch 366/500, Loss: 140.7006
Epoch 367/500, Loss: 140.6893
Epoch 368/500, Loss: 140.6774
Epoch 369/500, Loss: 140.6846
Epoch 370/500, Loss: 140.6609
Epoch 371/500, Loss: 140.6666
Epoch 372/500, Loss: 140.6460
Epoch 373/500, Loss: 140.6681
Epoch 374/500, Loss: 140.6675
Epoch 375/500, Loss: 140.6643
Epoch 376/500, Loss: 140.6397
Epoch 377/500, Loss: 140.6495
Epoch 378/500, Loss: 140.6389
Epoch 379/500, Loss: 140.6329
Epoch 380/500, Loss: 140.6385
Epoch 381/500, Loss: 140.6532
Epoch 382/500, Loss: 140.6467
Epoch 383/500, Loss: 140.6506
Epoch 384/500, Loss: 140.6379
Epoch 385/500, Loss: 140.6379
Epoch 386/500, Loss: 140.6356
Epoch 387/500, Loss: 140.6300
Epoch 388/500, Loss: 140.6188
Epoch 389/500, Loss: 140.6168
Epoch 390/500, Loss: 140.6130
Epoch 391/500, Loss: 140.5987
Epoch 392/500, Loss: 140.6017
Epoch 393/500, Loss: 140.5905
Epoch 394/500, Loss: 140.6045
Epoch 395/500, Loss: 140.5923
Epoch 396/500, Loss: 140.6240
Epoch 397/500, Loss: 140.5887
Epoch 398/500, Loss: 140.5829
Epoch 399/500, Loss: 140.5678
Epoch 400/500, Loss: 140.5751
Epoch 401/500, Loss: 140.5771
Epoch 402/500, Loss: 140.5721
Epoch 403/500, Loss: 140.5601
Epoch 404/500, Loss: 140.5709
Epoch 405/500, Loss: 140.5574
Epoch 406/500, Loss: 140.5726
Epoch 407/500, Loss: 140.5573
Epoch 408/500, Loss: 140.5741
Epoch 409/500, Loss: 140.5592
Epoch 410/500, Loss: 140.5805
Epoch 411/500, Loss: 140.5618
Epoch 412/500, Loss: 140.5470
Epoch 413/500, Loss: 140.5530
Epoch 414/500, Loss: 140.5276
Epoch 415/500, Loss: 140.5370
Epoch 416/500, Loss: 140.5650
Epoch 417/500, Loss: 140.5435
Epoch 418/500, Loss: 140.5308
Epoch 419/500, Loss: 140.5426
Epoch 420/500, Loss: 140.5343
Epoch 421/500, Loss: 140.5152
Epoch 422/500, Loss: 140.5085
Epoch 423/500, Loss: 140.4861
Epoch 424/500, Loss: 140.5049
Epoch 425/500, Loss: 140.4878
Epoch 426/500, Loss: 140.5093
Epoch 427/500, Loss: 140.4937
Epoch 428/500, Loss: 140.5027
Epoch 429/500, Loss: 140.5120
Epoch 430/500, Loss: 140.4846
Epoch 431/500, Loss: 140.5015
Epoch 432/500, Loss: 140.4833
Epoch 433/500, Loss: 140.5057
Epoch 434/500, Loss: 140.4813
Epoch 435/500, Loss: 140.4754
Epoch 436/500, Loss: 140.4724
Epoch 437/500, Loss: 140.4705
Epoch 438/500, Loss: 140.4615
Epoch 439/500, Loss: 140.4511
Epoch 440/500, Loss: 140.4464
Epoch 441/500, Loss: 140.4461
Epoch 442/500, Loss: 140.4560
Epoch 443/500, Loss: 140.4434
Epoch 444/500, Loss: 140.4544
Epoch 445/500, Loss: 140.4484
Epoch 446/500, Loss: 140.4513
Epoch 447/500, Loss: 140.4522
Epoch 448/500, Loss: 140.4423
Epoch 449/500, Loss: 140.4215
Epoch 450/500, Loss: 140.4144
Epoch 451/500, Loss: 140.4302
Epoch 452/500, Loss: 140.4134
Epoch 453/500, Loss: 140.4277
Epoch 454/500, Loss: 140.4030
Epoch 455/500, Loss: 140.4055
Epoch 456/500, Loss: 140.4158
Epoch 457/500, Loss: 140.4175
Epoch 458/500, Loss: 140.4312
Epoch 459/500, Loss: 140.4103
Epoch 460/500, Loss: 140.4218
Epoch 461/500, Loss: 140.3862
Epoch 462/500, Loss: 140.3954
Epoch 463/500, Loss: 140.3916
Epoch 464/500, Loss: 140.3828
Epoch 465/500, Loss: 140.3634
Epoch 466/500, Loss: 140.3735
Epoch 467/500, Loss: 140.3595
Epoch 468/500, Loss: 140.3521
Epoch 469/500, Loss: 140.3582
Epoch 470/500, Loss: 140.3618
Epoch 471/500, Loss: 140.3909
Epoch 472/500, Loss: 140.3625
Epoch 473/500, Loss: 140.3590
Epoch 474/500, Loss: 140.3480
Epoch 475/500, Loss: 140.3377
Epoch 476/500, Loss: 140.3600
Epoch 477/500, Loss: 140.3581
Epoch 478/500, Loss: 140.3436
Epoch 479/500, Loss: 140.3589
Epoch 480/500, Loss: 140.3366
Epoch 481/500, Loss: 140.3272
Epoch 482/500, Loss: 140.3189
Epoch 483/500, Loss: 140.3416
Epoch 484/500, Loss: 140.3234
Epoch 485/500, Loss: 140.3097
Epoch 486/500, Loss: 140.3338
Epoch 487/500, Loss: 140.3252
Epoch 488/500, Loss: 140.3376
Epoch 489/500, Loss: 140.3220
Epoch 490/500, Loss: 140.3246
Epoch 491/500, Loss: 140.3356
Epoch 492/500, Loss: 140.3152
Epoch 493/500, Loss: 140.3225
Epoch 494/500, Loss: 140.3062
Epoch 495/500, Loss: 140.3086
Epoch 496/500, Loss: 140.2961
Epoch 497/500, Loss: 140.3172
Epoch 498/500, Loss: 140.3110
Epoch 499/500, Loss: 140.3069
Epoch 500/500, Loss: 140.3158
Epoch 1/500, Loss: 197.8343
Epoch 2/500, Loss: 194.0802
Epoch 3/500, Loss: 194.0406
Epoch 4/500, Loss: 194.0383
Epoch 5/500, Loss: 194.0381
Epoch 6/500, Loss: 194.0381
Epoch 7/500, Loss: 194.0381
Epoch 8/500, Loss: 194.0381
Epoch 9/500, Loss: 194.0381
Epoch 10/500, Loss: 194.0381
Epoch 11/500, Loss: 194.0381
Epoch 12/500, Loss: 194.0381
Epoch 13/500, Loss: 194.0381
Epoch 14/500, Loss: 194.0381
Epoch 15/500, Loss: 194.0381
Epoch 16/500, Loss: 194.0381
Epoch 17/500, Loss: 194.0381
Epoch 18/500, Loss: 194.0381
Epoch 19/500, Loss: 194.0381
Epoch 20/500, Loss: 194.0381
Epoch 21/500, Loss: 194.0380
Epoch 22/500, Loss: 194.0380
Epoch 23/500, Loss: 194.0378
Epoch 24/500, Loss: 194.0376
Epoch 25/500, Loss: 194.0359
Epoch 26/500, Loss: 194.0222
Epoch 27/500, Loss: 193.9536
Epoch 28/500, Loss: 193.8741
Epoch 29/500, Loss: 192.8816
Epoch 30/500, Loss: 190.2258
Epoch 31/500, Loss: 184.5391
Epoch 32/500, Loss: 180.1773
Epoch 33/500, Loss: 192.4694
Epoch 34/500, Loss: 194.0822
Epoch 35/500, Loss: 194.0366
Epoch 36/500, Loss: 194.0349
Epoch 37/500, Loss: 194.0347
Epoch 38/500, Loss: 194.0345
Epoch 39/500, Loss: 194.0343
Epoch 40/500, Loss: 194.0341
Epoch 41/500, Loss: 194.0336
Epoch 42/500, Loss: 194.0322
Epoch 43/500, Loss: 194.0306
Epoch 44/500, Loss: 194.0298
Epoch 45/500, Loss: 194.0286
Epoch 46/500, Loss: 194.0279
Epoch 47/500, Loss: 194.0269
Epoch 48/500, Loss: 194.0258
Epoch 49/500, Loss: 194.0253
Epoch 50/500, Loss: 194.0238
Epoch 51/500, Loss: 194.0209
Epoch 52/500, Loss: 194.0168
Epoch 53/500, Loss: 194.0103
Epoch 54/500, Loss: 193.9981
Epoch 55/500, Loss: 193.9724
Epoch 56/500, Loss: 193.9159
Epoch 57/500, Loss: 193.7613
Epoch 58/500, Loss: 192.9456
Epoch 59/500, Loss: 193.1361
Epoch 60/500, Loss: 187.5042
Epoch 61/500, Loss: 189.7440
Epoch 62/500, Loss: 184.8763
Epoch 63/500, Loss: 178.0601
Epoch 64/500, Loss: 176.7380
Epoch 65/500, Loss: 176.7885
Epoch 66/500, Loss: 175.9981
Epoch 67/500, Loss: 175.1611
Epoch 68/500, Loss: 175.4175
Epoch 69/500, Loss: 175.0528
Epoch 70/500, Loss: 174.8839
Epoch 71/500, Loss: 174.5155
Epoch 72/500, Loss: 174.7040
Epoch 73/500, Loss: 174.5623
Epoch 74/500, Loss: 174.5762
Epoch 75/500, Loss: 174.3694
Epoch 76/500, Loss: 174.2441
Epoch 77/500, Loss: 174.3450
Epoch 78/500, Loss: 174.1119
Epoch 79/500, Loss: 174.1978
Epoch 80/500, Loss: 174.3951
Epoch 81/500, Loss: 174.0156
Epoch 82/500, Loss: 174.2180
Epoch 83/500, Loss: 174.2083
Epoch 84/500, Loss: 174.1112
Epoch 85/500, Loss: 174.1270
Epoch 86/500, Loss: 173.9995
Epoch 87/500, Loss: 173.9622
Epoch 88/500, Loss: 174.1257
Epoch 89/500, Loss: 174.2009
Epoch 90/500, Loss: 173.9335
Epoch 91/500, Loss: 174.2424
Epoch 92/500, Loss: 174.0502
Epoch 93/500, Loss: 173.9072
Epoch 94/500, Loss: 174.1810
Epoch 95/500, Loss: 174.6044
Epoch 96/500, Loss: 174.2603
Epoch 97/500, Loss: 173.8873
Epoch 98/500, Loss: 173.8934
Epoch 99/500, Loss: 174.2053
Epoch 100/500, Loss: 174.4444
Epoch 101/500, Loss: 174.2492
Epoch 102/500, Loss: 174.2800
Epoch 103/500, Loss: 174.1181
Epoch 104/500, Loss: 173.9404
Epoch 105/500, Loss: 173.9790
Epoch 106/500, Loss: 173.8590
Epoch 107/500, Loss: 173.8632
Epoch 108/500, Loss: 173.9348
Epoch 109/500, Loss: 173.8993
Epoch 110/500, Loss: 173.8493
Epoch 111/500, Loss: 174.0640
Epoch 112/500, Loss: 174.1403
Epoch 113/500, Loss: 174.2374
Epoch 114/500, Loss: 173.8266
Epoch 115/500, Loss: 174.5360
Epoch 116/500, Loss: 174.0901
Epoch 117/500, Loss: 173.9422
Epoch 118/500, Loss: 173.8697
Epoch 119/500, Loss: 173.9504
Epoch 120/500, Loss: 173.7847
Epoch 121/500, Loss: 173.9815
Epoch 122/500, Loss: 173.9439
Epoch 123/500, Loss: 173.9203
Epoch 124/500, Loss: 173.9469
Epoch 125/500, Loss: 173.8335
Epoch 126/500, Loss: 173.9869
Epoch 127/500, Loss: 174.0005
Epoch 128/500, Loss: 174.1708
Epoch 129/500, Loss: 173.9035
Epoch 130/500, Loss: 173.8322
Epoch 131/500, Loss: 173.8274
Epoch 132/500, Loss: 173.7128
Epoch 133/500, Loss: 173.7465
Epoch 134/500, Loss: 173.8508
Epoch 135/500, Loss: 173.8789
Epoch 136/500, Loss: 173.7725
Epoch 137/500, Loss: 174.0129
Epoch 138/500, Loss: 173.9600
Epoch 139/500, Loss: 173.8249
Epoch 140/500, Loss: 173.7182
Epoch 141/500, Loss: 173.9177
Epoch 142/500, Loss: 173.8125
Epoch 143/500, Loss: 173.7797
Epoch 144/500, Loss: 173.7906
Epoch 145/500, Loss: 173.8190
Epoch 146/500, Loss: 173.6767
Epoch 147/500, Loss: 173.6921
Epoch 148/500, Loss: 173.6693
Epoch 149/500, Loss: 173.6394
Epoch 150/500, Loss: 173.6368
Epoch 151/500, Loss: 173.6604
Epoch 152/500, Loss: 173.4582
Epoch 153/500, Loss: 173.5053
Epoch 154/500, Loss: 173.6892
Epoch 155/500, Loss: 173.6665
Epoch 156/500, Loss: 173.5253
Epoch 157/500, Loss: 173.3753
Epoch 158/500, Loss: 173.4493
Epoch 159/500, Loss: 173.7452
Epoch 160/500, Loss: 173.3439
Epoch 161/500, Loss: 173.2782
Epoch 162/500, Loss: 173.2862
Epoch 163/500, Loss: 173.1301
Epoch 164/500, Loss: 173.0936
Epoch 165/500, Loss: 173.2049
Epoch 166/500, Loss: 172.9979
Epoch 167/500, Loss: 172.9555
Epoch 168/500, Loss: 172.9444
Epoch 169/500, Loss: 172.8830
Epoch 170/500, Loss: 172.6995
Epoch 171/500, Loss: 172.5777
Epoch 172/500, Loss: 172.4911
Epoch 173/500, Loss: 172.7166
Epoch 174/500, Loss: 172.7340
Epoch 175/500, Loss: 172.4464
Epoch 176/500, Loss: 172.3504
Epoch 177/500, Loss: 172.4319
Epoch 178/500, Loss: 172.2266
Epoch 179/500, Loss: 172.0834
Epoch 180/500, Loss: 172.0177
Epoch 181/500, Loss: 171.9490
Epoch 182/500, Loss: 171.8086
Epoch 183/500, Loss: 172.0055
Epoch 184/500, Loss: 171.7671
Epoch 185/500, Loss: 171.6905
Epoch 186/500, Loss: 171.5376
Epoch 187/500, Loss: 171.4556
Epoch 188/500, Loss: 171.4089
Epoch 189/500, Loss: 171.3725
Epoch 190/500, Loss: 171.4416
Epoch 191/500, Loss: 171.2285
Epoch 192/500, Loss: 171.0783
Epoch 193/500, Loss: 170.9863
Epoch 194/500, Loss: 170.8833
Epoch 195/500, Loss: 170.7966
Epoch 196/500, Loss: 170.7420
Epoch 197/500, Loss: 170.6207
Epoch 198/500, Loss: 170.5208
Epoch 199/500, Loss: 170.4013
Epoch 200/500, Loss: 170.3198
Epoch 201/500, Loss: 172.8269
Epoch 202/500, Loss: 171.0819
Epoch 203/500, Loss: 170.5540
Epoch 204/500, Loss: 170.2943
Epoch 205/500, Loss: 170.1592
Epoch 206/500, Loss: 171.3692
Epoch 207/500, Loss: 170.3304
Epoch 208/500, Loss: 172.2756
Epoch 209/500, Loss: 170.1648
Epoch 210/500, Loss: 171.4228
Epoch 211/500, Loss: 171.0252
Epoch 212/500, Loss: 171.0657
Epoch 213/500, Loss: 172.8142
Epoch 214/500, Loss: 170.8846
Epoch 215/500, Loss: 169.6156
Epoch 216/500, Loss: 172.9638
Epoch 217/500, Loss: 171.1436
Epoch 218/500, Loss: 172.0805
Epoch 219/500, Loss: 170.1594
Epoch 220/500, Loss: 170.0493
Epoch 221/500, Loss: 175.3464
Epoch 222/500, Loss: 170.2792
Epoch 223/500, Loss: 169.6221
Epoch 224/500, Loss: 172.1578
Epoch 225/500, Loss: 171.1521
Epoch 226/500, Loss: 172.4076
Epoch 227/500, Loss: 171.6614
Epoch 228/500, Loss: 171.1029
Epoch 229/500, Loss: 171.3428
Epoch 230/500, Loss: 169.7540
Epoch 231/500, Loss: 179.1120
Epoch 232/500, Loss: 177.4122
Epoch 233/500, Loss: 172.7624
Epoch 234/500, Loss: 171.0856
Epoch 235/500, Loss: 176.1440
Epoch 236/500, Loss: 174.9881
Epoch 237/500, Loss: 168.4487
Epoch 238/500, Loss: 172.8789
Epoch 239/500, Loss: 169.7466
Epoch 240/500, Loss: 183.6181
Epoch 241/500, Loss: 178.8924
Epoch 242/500, Loss: 174.6261
Epoch 243/500, Loss: 174.0838
Epoch 244/500, Loss: 173.9209
Epoch 245/500, Loss: 173.7971
Epoch 246/500, Loss: 174.1752
Epoch 247/500, Loss: 173.7974
Epoch 248/500, Loss: 173.5882
Epoch 249/500, Loss: 173.5119
Epoch 250/500, Loss: 173.4879
Epoch 251/500, Loss: 173.4397
Epoch 252/500, Loss: 173.3942
Epoch 253/500, Loss: 173.5201
Epoch 254/500, Loss: 173.3398
Epoch 255/500, Loss: 173.2069
Epoch 256/500, Loss: 173.1787
Epoch 257/500, Loss: 173.0738
Epoch 258/500, Loss: 172.9709
Epoch 259/500, Loss: 172.8686
Epoch 260/500, Loss: 172.8367
Epoch 261/500, Loss: 172.7752
Epoch 262/500, Loss: 172.6238
Epoch 263/500, Loss: 172.5250
Epoch 264/500, Loss: 172.4049
Epoch 265/500, Loss: 172.3036
Epoch 266/500, Loss: 172.1946
Epoch 267/500, Loss: 172.0821
Epoch 268/500, Loss: 171.9767
Epoch 269/500, Loss: 171.8641
Epoch 270/500, Loss: 171.7381
Epoch 271/500, Loss: 171.6467
Epoch 272/500, Loss: 171.4468
Epoch 273/500, Loss: 171.3104
Epoch 274/500, Loss: 171.1976
Epoch 275/500, Loss: 171.0773
Epoch 276/500, Loss: 170.9541
Epoch 277/500, Loss: 170.8276
Epoch 278/500, Loss: 170.7241
Epoch 279/500, Loss: 170.6246
Epoch 280/500, Loss: 170.5087
Epoch 281/500, Loss: 170.3711
Epoch 282/500, Loss: 170.2858
Epoch 283/500, Loss: 170.1823
Epoch 284/500, Loss: 176.6827
Epoch 285/500, Loss: 173.7512
Epoch 286/500, Loss: 170.6319
Epoch 287/500, Loss: 170.2320
Epoch 288/500, Loss: 169.9340
Epoch 289/500, Loss: 169.4488
Epoch 290/500, Loss: 172.1535
Epoch 291/500, Loss: 169.9861
Epoch 292/500, Loss: 170.1402
Epoch 293/500, Loss: 169.8027
Epoch 294/500, Loss: 169.8316
Epoch 295/500, Loss: 171.7821
Epoch 296/500, Loss: 169.8898
Epoch 297/500, Loss: 173.6824
Epoch 298/500, Loss: 170.9164
Epoch 299/500, Loss: 172.5202
Epoch 300/500, Loss: 174.4302
Epoch 301/500, Loss: 170.2692
Epoch 302/500, Loss: 169.7489
Epoch 303/500, Loss: 171.6674
Epoch 304/500, Loss: 168.6692
Epoch 305/500, Loss: 172.7588
Epoch 306/500, Loss: 169.9170
Epoch 307/500, Loss: 169.3580
Epoch 308/500, Loss: 171.6428
Epoch 309/500, Loss: 169.3382
Epoch 310/500, Loss: 169.3636
Epoch 311/500, Loss: 169.4293
Epoch 312/500, Loss: 171.1357
Epoch 313/500, Loss: 169.3733
Epoch 314/500, Loss: 171.3120
Epoch 315/500, Loss: 169.2527
Epoch 316/500, Loss: 171.3901
Epoch 317/500, Loss: 170.8705
Epoch 318/500, Loss: 168.4914
Epoch 319/500, Loss: 168.2520
Epoch 320/500, Loss: 168.0142
Epoch 321/500, Loss: 172.2687
Epoch 322/500, Loss: 168.1807
Epoch 323/500, Loss: 169.0175
Epoch 324/500, Loss: 166.5109
Epoch 325/500, Loss: 168.7129
Epoch 326/500, Loss: 167.0221
Epoch 327/500, Loss: 164.8740
Epoch 328/500, Loss: 169.2318
Epoch 329/500, Loss: 166.8225
Epoch 330/500, Loss: 166.6737
Epoch 331/500, Loss: 165.8128
Epoch 332/500, Loss: 170.2519
Epoch 333/500, Loss: 165.8479
Epoch 334/500, Loss: 169.5073
Epoch 335/500, Loss: 166.0641
Epoch 336/500, Loss: 164.5811
Epoch 337/500, Loss: 168.9462
Epoch 338/500, Loss: 164.9058
Epoch 339/500, Loss: 166.5370
Epoch 340/500, Loss: 164.2021
Epoch 341/500, Loss: 164.0286
Epoch 342/500, Loss: 165.7723
Epoch 343/500, Loss: 166.4203
Epoch 344/500, Loss: 163.7365
Epoch 345/500, Loss: 165.9333
Epoch 346/500, Loss: 163.5574
Epoch 347/500, Loss: 163.7004
Epoch 348/500, Loss: 165.4801
Epoch 349/500, Loss: 163.3909
Epoch 350/500, Loss: 163.1478
Epoch 351/500, Loss: 165.6521
Epoch 352/500, Loss: 163.1067
Epoch 353/500, Loss: 163.5274
Epoch 354/500, Loss: 165.0392
Epoch 355/500, Loss: 164.1628
Epoch 356/500, Loss: 162.8386
Epoch 357/500, Loss: 162.9824
Epoch 358/500, Loss: 165.1256
Epoch 359/500, Loss: 162.9172
Epoch 360/500, Loss: 165.6498
Epoch 361/500, Loss: 162.6059
Epoch 362/500, Loss: 164.7380
Epoch 363/500, Loss: 163.6243
Epoch 364/500, Loss: 162.8419
Epoch 365/500, Loss: 164.7133
Epoch 366/500, Loss: 162.6650
Epoch 367/500, Loss: 165.1070
Epoch 368/500, Loss: 162.8857
Epoch 369/500, Loss: 163.2544
Epoch 370/500, Loss: 165.3962
Epoch 371/500, Loss: 162.7339
Epoch 372/500, Loss: 162.8445
Epoch 373/500, Loss: 162.7245
Epoch 374/500, Loss: 162.8079
Epoch 375/500, Loss: 162.0807
Epoch 376/500, Loss: 165.1096
Epoch 377/500, Loss: 163.1436
Epoch 378/500, Loss: 162.1647
Epoch 379/500, Loss: 161.8840
Epoch 380/500, Loss: 164.3662
Epoch 381/500, Loss: 163.0216
Epoch 382/500, Loss: 161.8017
Epoch 383/500, Loss: 163.6733
Epoch 384/500, Loss: 163.1140
Epoch 385/500, Loss: 161.7406
Epoch 386/500, Loss: 166.7917
Epoch 387/500, Loss: 162.9019
Epoch 388/500, Loss: 161.6421
Epoch 389/500, Loss: 163.7840
Epoch 390/500, Loss: 162.0565
Epoch 391/500, Loss: 161.4964
Epoch 392/500, Loss: 165.0790
Epoch 393/500, Loss: 163.6517
Epoch 394/500, Loss: 161.9913
Epoch 395/500, Loss: 162.1343
Epoch 396/500, Loss: 162.8784
Epoch 397/500, Loss: 162.9066
Epoch 398/500, Loss: 163.3322
Epoch 399/500, Loss: 163.7669
Epoch 400/500, Loss: 163.9209
Epoch 401/500, Loss: 161.7095
Epoch 402/500, Loss: 161.7593
Epoch 403/500, Loss: 162.3213
Epoch 404/500, Loss: 163.2182
Epoch 405/500, Loss: 164.6865
Epoch 406/500, Loss: 161.0566
Epoch 407/500, Loss: 165.1551
Epoch 408/500, Loss: 161.7377
Epoch 409/500, Loss: 164.1525
Epoch 410/500, Loss: 162.5574
Epoch 411/500, Loss: 165.1903
Epoch 412/500, Loss: 166.0994
Epoch 413/500, Loss: 163.8284
Epoch 414/500, Loss: 162.5619
Epoch 415/500, Loss: 161.2624
Epoch 416/500, Loss: 162.9926
Epoch 417/500, Loss: 165.5249
Epoch 418/500, Loss: 162.8425
Epoch 419/500, Loss: 160.9153
Epoch 420/500, Loss: 173.3457
Epoch 421/500, Loss: 170.9301
Epoch 422/500, Loss: 172.2352
Epoch 423/500, Loss: 170.4566
Epoch 424/500, Loss: 170.6986
Epoch 425/500, Loss: 171.1921
Epoch 426/500, Loss: 169.5328
Epoch 427/500, Loss: 172.0306
Epoch 428/500, Loss: 169.6342
Epoch 429/500, Loss: 173.6958
Epoch 430/500, Loss: 169.5127
Epoch 431/500, Loss: 170.9261
Epoch 432/500, Loss: 168.2038
Epoch 433/500, Loss: 170.4054
Epoch 434/500, Loss: 168.2820
Epoch 435/500, Loss: 168.9019
Epoch 436/500, Loss: 168.3321
Epoch 437/500, Loss: 167.3971
Epoch 438/500, Loss: 166.4785
Epoch 439/500, Loss: 168.2315
Epoch 440/500, Loss: 166.3097
Epoch 441/500, Loss: 164.1135
Epoch 442/500, Loss: 169.6892
Epoch 443/500, Loss: 164.2192
Epoch 444/500, Loss: 168.8952
Epoch 445/500, Loss: 165.2638
Epoch 446/500, Loss: 164.0567
Epoch 447/500, Loss: 168.4112
Epoch 448/500, Loss: 163.5110
Epoch 449/500, Loss: 165.7062
Epoch 450/500, Loss: 165.4827
Epoch 451/500, Loss: 162.4404
Epoch 452/500, Loss: 163.5163
Epoch 453/500, Loss: 162.5843
Epoch 454/500, Loss: 162.7292
Epoch 455/500, Loss: 164.1642
Epoch 456/500, Loss: 161.8639
Epoch 457/500, Loss: 163.0299
Epoch 458/500, Loss: 162.1374
Epoch 459/500, Loss: 163.7536
Epoch 460/500, Loss: 163.8462
Epoch 461/500, Loss: 161.3700
Epoch 462/500, Loss: 162.5852
Epoch 463/500, Loss: 161.8379
Epoch 464/500, Loss: 161.6407
Epoch 465/500, Loss: 161.6197
Epoch 466/500, Loss: 160.7719
Epoch 467/500, Loss: 164.4801
Epoch 468/500, Loss: 161.3905
Epoch 469/500, Loss: 160.9076
Epoch 470/500, Loss: 161.2122
Epoch 471/500, Loss: 163.1336
Epoch 472/500, Loss: 161.7069
Epoch 473/500, Loss: 160.3948
Epoch 474/500, Loss: 160.6811
Epoch 475/500, Loss: 161.6719
Epoch 476/500, Loss: 162.3253
Epoch 477/500, Loss: 160.1744
Epoch 478/500, Loss: 164.0821
Epoch 479/500, Loss: 161.4459
Epoch 480/500, Loss: 160.3806
Epoch 481/500, Loss: 162.7170
Epoch 482/500, Loss: 160.8884
Epoch 483/500, Loss: 161.6810
Epoch 484/500, Loss: 162.1654
Epoch 485/500, Loss: 160.9413
Epoch 486/500, Loss: 161.0378
Epoch 487/500, Loss: 161.4198
Epoch 488/500, Loss: 160.8725
Epoch 489/500, Loss: 161.2311
Epoch 490/500, Loss: 160.2058
Epoch 491/500, Loss: 161.3949
Epoch 492/500, Loss: 160.8711
Epoch 493/500, Loss: 160.1277
Epoch 494/500, Loss: 159.9071
Epoch 495/500, Loss: 164.9136
Epoch 496/500, Loss: 161.1959
Epoch 497/500, Loss: 161.1911
Epoch 498/500, Loss: 159.9570
Epoch 499/500, Loss: 161.3361
Epoch 500/500, Loss: 160.8449
Epoch 1/500, Loss: 197.8729
Epoch 2/500, Loss: 194.0545
Epoch 3/500, Loss: 192.8601
Epoch 4/500, Loss: 184.3948
Epoch 5/500, Loss: 178.8393
Epoch 6/500, Loss: 175.1942
Epoch 7/500, Loss: 170.2177
Epoch 8/500, Loss: 164.9426
Epoch 9/500, Loss: 161.3650
Epoch 10/500, Loss: 158.9170
Epoch 11/500, Loss: 157.5130
Epoch 12/500, Loss: 156.4778
Epoch 13/500, Loss: 155.1620
Epoch 14/500, Loss: 153.9673
Epoch 15/500, Loss: 153.1413
Epoch 16/500, Loss: 152.2892
Epoch 17/500, Loss: 151.4123
Epoch 18/500, Loss: 151.0204
Epoch 19/500, Loss: 150.7888
Epoch 20/500, Loss: 150.6236
Epoch 21/500, Loss: 150.4569
Epoch 22/500, Loss: 150.1795
Epoch 23/500, Loss: 149.7615
Epoch 24/500, Loss: 149.3529
Epoch 25/500, Loss: 149.2094
Epoch 26/500, Loss: 149.1852
Epoch 27/500, Loss: 149.1036
Epoch 28/500, Loss: 149.0199
Epoch 29/500, Loss: 148.9214
Epoch 30/500, Loss: 148.7041
Epoch 31/500, Loss: 148.6032
Epoch 32/500, Loss: 148.2002
Epoch 33/500, Loss: 148.0176
Epoch 34/500, Loss: 147.9208
Epoch 35/500, Loss: 147.8999
Epoch 36/500, Loss: 147.6916
Epoch 37/500, Loss: 147.4244
Epoch 38/500, Loss: 147.1858
Epoch 39/500, Loss: 147.0012
Epoch 40/500, Loss: 146.8991
Epoch 41/500, Loss: 146.8177
Epoch 42/500, Loss: 146.7153
Epoch 43/500, Loss: 146.5434
Epoch 44/500, Loss: 146.3554
Epoch 45/500, Loss: 146.1784
Epoch 46/500, Loss: 146.0596
Epoch 47/500, Loss: 145.9716
Epoch 48/500, Loss: 145.8977
Epoch 49/500, Loss: 145.7115
Epoch 50/500, Loss: 145.6436
Epoch 51/500, Loss: 145.6040
Epoch 52/500, Loss: 145.5920
Epoch 53/500, Loss: 145.5139
Epoch 54/500, Loss: 145.4163
Epoch 55/500, Loss: 145.3821
Epoch 56/500, Loss: 145.2967
Epoch 57/500, Loss: 145.2585
Epoch 58/500, Loss: 145.1371
Epoch 59/500, Loss: 145.0168
Epoch 60/500, Loss: 144.9776
Epoch 61/500, Loss: 144.8433
Epoch 62/500, Loss: 144.7969
Epoch 63/500, Loss: 144.7202
Epoch 64/500, Loss: 144.6665
Epoch 65/500, Loss: 144.6228
Epoch 66/500, Loss: 144.5628
Epoch 67/500, Loss: 144.5259
Epoch 68/500, Loss: 144.4629
Epoch 69/500, Loss: 144.4376
Epoch 70/500, Loss: 144.3705
Epoch 71/500, Loss: 144.3144
Epoch 72/500, Loss: 144.3195
Epoch 73/500, Loss: 144.2881
Epoch 74/500, Loss: 144.2067
Epoch 75/500, Loss: 144.2092
Epoch 76/500, Loss: 144.1594
Epoch 77/500, Loss: 144.0528
Epoch 78/500, Loss: 143.9628
Epoch 79/500, Loss: 143.9161
Epoch 80/500, Loss: 143.8650
Epoch 81/500, Loss: 143.8330
Epoch 82/500, Loss: 143.8045
Epoch 83/500, Loss: 143.7487
Epoch 84/500, Loss: 143.7583
Epoch 85/500, Loss: 143.7069
Epoch 86/500, Loss: 143.6527
Epoch 87/500, Loss: 143.6285
Epoch 88/500, Loss: 143.6034
Epoch 89/500, Loss: 143.5767
Epoch 90/500, Loss: 143.5279
Epoch 91/500, Loss: 143.5055
Epoch 92/500, Loss: 143.5366
Epoch 93/500, Loss: 143.4511
Epoch 94/500, Loss: 143.4408
Epoch 95/500, Loss: 143.3759
Epoch 96/500, Loss: 143.3589
Epoch 97/500, Loss: 143.2902
Epoch 98/500, Loss: 143.2789
Epoch 99/500, Loss: 143.2665
Epoch 100/500, Loss: 143.2237
Epoch 101/500, Loss: 143.1953
Epoch 102/500, Loss: 143.2032
Epoch 103/500, Loss: 143.1413
Epoch 104/500, Loss: 143.0804
Epoch 105/500, Loss: 143.0480
Epoch 106/500, Loss: 143.0063
Epoch 107/500, Loss: 142.9548
Epoch 108/500, Loss: 142.9456
Epoch 109/500, Loss: 142.9717
Epoch 110/500, Loss: 142.9340
Epoch 111/500, Loss: 142.9296
Epoch 112/500, Loss: 142.9338
Epoch 113/500, Loss: 142.9205
Epoch 114/500, Loss: 142.8846
Epoch 115/500, Loss: 142.8751
Epoch 116/500, Loss: 142.8698
Epoch 117/500, Loss: 142.8075
Epoch 118/500, Loss: 142.7348
Epoch 119/500, Loss: 142.7724
Epoch 120/500, Loss: 142.7737
Epoch 121/500, Loss: 142.7447
Epoch 122/500, Loss: 142.6833
Epoch 123/500, Loss: 142.6861
Epoch 124/500, Loss: 142.6852
Epoch 125/500, Loss: 142.6485
Epoch 126/500, Loss: 142.5897
Epoch 127/500, Loss: 142.5404
Epoch 128/500, Loss: 142.5740
Epoch 129/500, Loss: 142.5899
Epoch 130/500, Loss: 142.5355
Epoch 131/500, Loss: 142.5125
Epoch 132/500, Loss: 142.5635
Epoch 133/500, Loss: 142.4848
Epoch 134/500, Loss: 142.4546
Epoch 135/500, Loss: 142.4495
Epoch 136/500, Loss: 142.4425
Epoch 137/500, Loss: 142.4342
Epoch 138/500, Loss: 142.3719
Epoch 139/500, Loss: 142.3681
Epoch 140/500, Loss: 142.3962
Epoch 141/500, Loss: 142.3564
Epoch 142/500, Loss: 142.3729
Epoch 143/500, Loss: 142.3371
Epoch 144/500, Loss: 142.3295
Epoch 145/500, Loss: 142.3247
Epoch 146/500, Loss: 142.2914
Epoch 147/500, Loss: 142.2840
Epoch 148/500, Loss: 142.2495
Epoch 149/500, Loss: 142.1896
Epoch 150/500, Loss: 142.2011
Epoch 151/500, Loss: 142.2123
Epoch 152/500, Loss: 142.1687
Epoch 153/500, Loss: 142.1828
Epoch 154/500, Loss: 142.1762
Epoch 155/500, Loss: 142.2169
Epoch 156/500, Loss: 142.1834
Epoch 157/500, Loss: 142.1669
Epoch 158/500, Loss: 142.1262
Epoch 159/500, Loss: 142.1084
Epoch 160/500, Loss: 142.1309
Epoch 161/500, Loss: 142.1288
Epoch 162/500, Loss: 142.0645
Epoch 163/500, Loss: 142.0609
Epoch 164/500, Loss: 142.0536
Epoch 165/500, Loss: 142.0111
Epoch 166/500, Loss: 142.0428
Epoch 167/500, Loss: 142.0534
Epoch 168/500, Loss: 142.0345
Epoch 169/500, Loss: 142.0442
Epoch 170/500, Loss: 142.0166
Epoch 171/500, Loss: 141.9777
Epoch 172/500, Loss: 141.9396
Epoch 173/500, Loss: 141.9593
Epoch 174/500, Loss: 141.9297
Epoch 175/500, Loss: 141.9199
Epoch 176/500, Loss: 141.9068
Epoch 177/500, Loss: 141.8661
Epoch 178/500, Loss: 141.8692
Epoch 179/500, Loss: 141.8003
Epoch 180/500, Loss: 141.8023
Epoch 181/500, Loss: 141.7999
Epoch 182/500, Loss: 141.7936
Epoch 183/500, Loss: 141.7717
Epoch 184/500, Loss: 141.7625
Epoch 185/500, Loss: 141.7601
Epoch 186/500, Loss: 141.7449
Epoch 187/500, Loss: 141.7423
Epoch 188/500, Loss: 141.7277
Epoch 189/500, Loss: 141.7231
Epoch 190/500, Loss: 141.6916
Epoch 191/500, Loss: 141.7200
Epoch 192/500, Loss: 141.6870
Epoch 193/500, Loss: 141.6891
Epoch 194/500, Loss: 141.6885
Epoch 195/500, Loss: 141.6934
Epoch 196/500, Loss: 141.6687
Epoch 197/500, Loss: 141.6739
Epoch 198/500, Loss: 141.6563
Epoch 199/500, Loss: 141.6084
Epoch 200/500, Loss: 141.6201
Epoch 201/500, Loss: 141.6301
Epoch 202/500, Loss: 141.5913
Epoch 203/500, Loss: 141.5682
Epoch 204/500, Loss: 141.5457
Epoch 205/500, Loss: 141.5394
Epoch 206/500, Loss: 141.5480
Epoch 207/500, Loss: 141.5453
Epoch 208/500, Loss: 141.5383
Epoch 209/500, Loss: 141.5367
Epoch 210/500, Loss: 141.5493
Epoch 211/500, Loss: 141.5269
Epoch 212/500, Loss: 141.5188
Epoch 213/500, Loss: 141.5161
Epoch 214/500, Loss: 141.5162
Epoch 215/500, Loss: 141.4735
Epoch 216/500, Loss: 141.4625
Epoch 217/500, Loss: 141.4805
Epoch 218/500, Loss: 141.4502
Epoch 219/500, Loss: 141.4801
Epoch 220/500, Loss: 141.4878
Epoch 221/500, Loss: 141.4537
Epoch 222/500, Loss: 141.4445
Epoch 223/500, Loss: 141.4308
Epoch 224/500, Loss: 141.4345
Epoch 225/500, Loss: 141.3967
Epoch 226/500, Loss: 141.3951
Epoch 227/500, Loss: 141.3900
Epoch 228/500, Loss: 141.3913
Epoch 229/500, Loss: 141.3802
Epoch 230/500, Loss: 141.3561
Epoch 231/500, Loss: 141.3680
Epoch 232/500, Loss: 141.3674
Epoch 233/500, Loss: 141.3537
Epoch 234/500, Loss: 141.3465
Epoch 235/500, Loss: 141.3516
Epoch 236/500, Loss: 141.3173
Epoch 237/500, Loss: 141.3106
Epoch 238/500, Loss: 141.2964
Epoch 239/500, Loss: 141.3119
Epoch 240/500, Loss: 141.3058
Epoch 241/500, Loss: 141.2881
Epoch 242/500, Loss: 141.2869
Epoch 243/500, Loss: 141.2765
Epoch 244/500, Loss: 141.2714
Epoch 245/500, Loss: 141.2606
Epoch 246/500, Loss: 141.2413
Epoch 247/500, Loss: 141.2641
Epoch 248/500, Loss: 141.2743
Epoch 249/500, Loss: 141.2538
Epoch 250/500, Loss: 141.2319
Epoch 251/500, Loss: 141.2457
Epoch 252/500, Loss: 141.2177
Epoch 253/500, Loss: 141.2118
Epoch 254/500, Loss: 141.2191
Epoch 255/500, Loss: 141.2267
Epoch 256/500, Loss: 141.2289
Epoch 257/500, Loss: 141.2264
Epoch 258/500, Loss: 141.2222
Epoch 259/500, Loss: 141.2064
Epoch 260/500, Loss: 141.1929
Epoch 261/500, Loss: 141.1850
Epoch 262/500, Loss: 141.2158
Epoch 263/500, Loss: 141.1765
Epoch 264/500, Loss: 141.1741
Epoch 265/500, Loss: 141.1567
Epoch 266/500, Loss: 141.1562
Epoch 267/500, Loss: 141.1462
Epoch 268/500, Loss: 141.1140
Epoch 269/500, Loss: 141.1264
Epoch 270/500, Loss: 141.1053
Epoch 271/500, Loss: 141.1096
Epoch 272/500, Loss: 141.0860
Epoch 273/500, Loss: 141.0706
Epoch 274/500, Loss: 141.0862
Epoch 275/500, Loss: 141.0804
Epoch 276/500, Loss: 141.0716
Epoch 277/500, Loss: 141.0509
Epoch 278/500, Loss: 141.0754
Epoch 279/500, Loss: 141.0723
Epoch 280/500, Loss: 141.0900
Epoch 281/500, Loss: 141.0720
Epoch 282/500, Loss: 141.0866
Epoch 283/500, Loss: 141.0846
Epoch 284/500, Loss: 141.0333
Epoch 285/500, Loss: 141.0080
Epoch 286/500, Loss: 141.0088
Epoch 287/500, Loss: 141.0264
Epoch 288/500, Loss: 141.0374
Epoch 289/500, Loss: 141.0339
Epoch 290/500, Loss: 141.0268
Epoch 291/500, Loss: 140.9811
Epoch 292/500, Loss: 141.0145
Epoch 293/500, Loss: 141.0391
Epoch 294/500, Loss: 141.0261
Epoch 295/500, Loss: 140.9928
Epoch 296/500, Loss: 141.0042
Epoch 297/500, Loss: 140.9702
Epoch 298/500, Loss: 140.9852
Epoch 299/500, Loss: 140.9971
Epoch 300/500, Loss: 140.9770
Epoch 301/500, Loss: 140.9732
Epoch 302/500, Loss: 140.9521
Epoch 303/500, Loss: 140.9445
Epoch 304/500, Loss: 140.9435
Epoch 305/500, Loss: 140.9349
Epoch 306/500, Loss: 140.9493
Epoch 307/500, Loss: 140.9479
Epoch 308/500, Loss: 140.9285
Epoch 309/500, Loss: 140.9256
Epoch 310/500, Loss: 140.8889
Epoch 311/500, Loss: 140.9376
Epoch 312/500, Loss: 140.9411
Epoch 313/500, Loss: 140.9170
Epoch 314/500, Loss: 140.8915
Epoch 315/500, Loss: 140.9031
Epoch 316/500, Loss: 140.8848
Epoch 317/500, Loss: 140.9018
Epoch 318/500, Loss: 140.9179
Epoch 319/500, Loss: 140.9195
Epoch 320/500, Loss: 140.9217
Epoch 321/500, Loss: 140.8932
Epoch 322/500, Loss: 140.8985
Epoch 323/500, Loss: 140.8924
Epoch 324/500, Loss: 140.8695
Epoch 325/500, Loss: 140.8859
Epoch 326/500, Loss: 140.8657
Epoch 327/500, Loss: 140.9124
Epoch 328/500, Loss: 140.9085
Epoch 329/500, Loss: 140.8830
Epoch 330/500, Loss: 140.8896
Epoch 331/500, Loss: 140.8903
Epoch 332/500, Loss: 140.8651
Epoch 333/500, Loss: 140.8655
Epoch 334/500, Loss: 140.8703
Epoch 335/500, Loss: 140.8584
Epoch 336/500, Loss: 140.8453
Epoch 337/500, Loss: 140.8378
Epoch 338/500, Loss: 140.8345
Epoch 339/500, Loss: 140.8359
Epoch 340/500, Loss: 140.8084
Epoch 341/500, Loss: 140.8063
Epoch 342/500, Loss: 140.8225
Epoch 343/500, Loss: 140.8292
Epoch 344/500, Loss: 140.8243
Epoch 345/500, Loss: 140.7950
Epoch 346/500, Loss: 140.7852
Epoch 347/500, Loss: 140.8168
Epoch 348/500, Loss: 140.8186
Epoch 349/500, Loss: 140.8030
Epoch 350/500, Loss: 140.8326
Epoch 351/500, Loss: 140.7958
Epoch 352/500, Loss: 140.7894
Epoch 353/500, Loss: 140.7874
Epoch 354/500, Loss: 140.7870
Epoch 355/500, Loss: 140.7772
Epoch 356/500, Loss: 140.7604
Epoch 357/500, Loss: 140.7835
Epoch 358/500, Loss: 140.7897
Epoch 359/500, Loss: 140.7968
Epoch 360/500, Loss: 140.7775
Epoch 361/500, Loss: 140.7482
Epoch 362/500, Loss: 140.7560
Epoch 363/500, Loss: 140.7715
Epoch 364/500, Loss: 140.7772
Epoch 365/500, Loss: 140.7683
Epoch 366/500, Loss: 140.7634
Epoch 367/500, Loss: 140.7634
Epoch 368/500, Loss: 140.7370
Epoch 369/500, Loss: 140.7194
Epoch 370/500, Loss: 140.7336
Epoch 371/500, Loss: 140.7148
Epoch 372/500, Loss: 140.7505
Epoch 373/500, Loss: 140.7473
Epoch 374/500, Loss: 140.7043
Epoch 375/500, Loss: 140.7341
Epoch 376/500, Loss: 140.6949
Epoch 377/500, Loss: 140.7058
Epoch 378/500, Loss: 140.7021
Epoch 379/500, Loss: 140.6904
Epoch 380/500, Loss: 140.6969
Epoch 381/500, Loss: 140.6909
Epoch 382/500, Loss: 140.6948
Epoch 383/500, Loss: 140.6550
Epoch 384/500, Loss: 140.6557
Epoch 385/500, Loss: 140.6439
Epoch 386/500, Loss: 140.6849
Epoch 387/500, Loss: 140.6572
Epoch 388/500, Loss: 140.6723
Epoch 389/500, Loss: 140.6923
Epoch 390/500, Loss: 140.6753
Epoch 391/500, Loss: 140.6519
Epoch 392/500, Loss: 140.6683
Epoch 393/500, Loss: 140.6675
Epoch 394/500, Loss: 140.6630
Epoch 395/500, Loss: 140.6934
Epoch 396/500, Loss: 140.6763
Epoch 397/500, Loss: 140.6193
Epoch 398/500, Loss: 140.6316
Epoch 399/500, Loss: 140.6013
Epoch 400/500, Loss: 140.6227
Epoch 401/500, Loss: 140.6276
Epoch 402/500, Loss: 140.5941
Epoch 403/500, Loss: 140.6251
Epoch 404/500, Loss: 140.5833
Epoch 405/500, Loss: 140.6099
Epoch 406/500, Loss: 140.5936
Epoch 407/500, Loss: 140.5786
Epoch 408/500, Loss: 140.5876
Epoch 409/500, Loss: 140.5986
Epoch 410/500, Loss: 140.6106
Epoch 411/500, Loss: 140.5808
Epoch 412/500, Loss: 140.5828
Epoch 413/500, Loss: 140.5599
Epoch 414/500, Loss: 140.5761
Epoch 415/500, Loss: 140.5583
Epoch 416/500, Loss: 140.5753
Epoch 417/500, Loss: 140.5600
Epoch 418/500, Loss: 140.5460
Epoch 419/500, Loss: 140.5547
Epoch 420/500, Loss: 140.5515
Epoch 421/500, Loss: 140.5436
Epoch 422/500, Loss: 140.5383
Epoch 423/500, Loss: 140.5277
Epoch 424/500, Loss: 140.5309
Epoch 425/500, Loss: 140.5458
Epoch 426/500, Loss: 140.5377
Epoch 427/500, Loss: 140.5265
Epoch 428/500, Loss: 140.5510
Epoch 429/500, Loss: 140.5463
Epoch 430/500, Loss: 140.5398
Epoch 431/500, Loss: 140.5155
Epoch 432/500, Loss: 140.5389
Epoch 433/500, Loss: 140.5383
Epoch 434/500, Loss: 140.5235
Epoch 435/500, Loss: 140.5288
Epoch 436/500, Loss: 140.5375
Epoch 437/500, Loss: 140.5359
Epoch 438/500, Loss: 140.5305
Epoch 439/500, Loss: 140.5210
Epoch 440/500, Loss: 140.5047
Epoch 441/500, Loss: 140.5082
Epoch 442/500, Loss: 140.5014
Epoch 443/500, Loss: 140.5164
Epoch 444/500, Loss: 140.5013
Epoch 445/500, Loss: 140.4734
Epoch 446/500, Loss: 140.4853
Epoch 447/500, Loss: 140.5130
Epoch 448/500, Loss: 140.4855
Epoch 449/500, Loss: 140.4844
Epoch 450/500, Loss: 140.4601
Epoch 451/500, Loss: 140.4938
Epoch 452/500, Loss: 140.4862
Epoch 453/500, Loss: 140.4691
Epoch 454/500, Loss: 140.4759
Epoch 455/500, Loss: 140.4756
Epoch 456/500, Loss: 140.4840
Epoch 457/500, Loss: 140.4625
Epoch 458/500, Loss: 140.4472
Epoch 459/500, Loss: 140.4514
Epoch 460/500, Loss: 140.4154
Epoch 461/500, Loss: 140.4271
Epoch 462/500, Loss: 140.4476
Epoch 463/500, Loss: 140.4453
Epoch 464/500, Loss: 140.4220
Epoch 465/500, Loss: 140.4046
Epoch 466/500, Loss: 140.4079
Epoch 467/500, Loss: 140.4147
Epoch 468/500, Loss: 140.4392
Epoch 469/500, Loss: 140.4362
Epoch 470/500, Loss: 140.4136
Epoch 471/500, Loss: 140.4090
Epoch 472/500, Loss: 140.4191
Epoch 473/500, Loss: 140.3888
Epoch 474/500, Loss: 140.3968
Epoch 475/500, Loss: 140.3983
Epoch 476/500, Loss: 140.4154
Epoch 477/500, Loss: 140.3950
Epoch 478/500, Loss: 140.3797
Epoch 479/500, Loss: 140.3957
Epoch 480/500, Loss: 140.3806
Epoch 481/500, Loss: 140.3755
Epoch 482/500, Loss: 140.3622
Epoch 483/500, Loss: 140.3848
Epoch 484/500, Loss: 140.3759
Epoch 485/500, Loss: 140.3830
Epoch 486/500, Loss: 140.3685
Epoch 487/500, Loss: 140.3635
Epoch 488/500, Loss: 140.3546
Epoch 489/500, Loss: 140.3794
Epoch 490/500, Loss: 140.3601
Epoch 491/500, Loss: 140.3703
Epoch 492/500, Loss: 140.3622
Epoch 493/500, Loss: 140.3809
Epoch 494/500, Loss: 140.3409
Epoch 495/500, Loss: 140.3304
Epoch 496/500, Loss: 140.3520
Epoch 497/500, Loss: 140.3437
Epoch 498/500, Loss: 140.3727
Epoch 499/500, Loss: 140.3265
Epoch 500/500, Loss: 140.3343
Epoch 1/500, Loss: 110.2421
Epoch 2/500, Loss: 108.3639
Epoch 3/500, Loss: 107.9770
Epoch 4/500, Loss: 106.0630
Epoch 5/500, Loss: 103.8417
Epoch 6/500, Loss: 102.0598
Epoch 7/500, Loss: 100.5598
Epoch 8/500, Loss: 98.9239
Epoch 9/500, Loss: 97.0709
Epoch 10/500, Loss: 94.9349
Epoch 11/500, Loss: 93.0436
Epoch 12/500, Loss: 91.4822
Epoch 13/500, Loss: 90.6126
Epoch 14/500, Loss: 89.5873
Epoch 15/500, Loss: 88.7932
Epoch 16/500, Loss: 88.3207
Epoch 17/500, Loss: 87.8651
Epoch 18/500, Loss: 87.5559
Epoch 19/500, Loss: 87.0293
Epoch 20/500, Loss: 86.6670
Epoch 21/500, Loss: 86.3939
Epoch 22/500, Loss: 86.2183
Epoch 23/500, Loss: 86.1176
Epoch 24/500, Loss: 86.0527
Epoch 25/500, Loss: 85.8681
Epoch 26/500, Loss: 85.7944
Epoch 27/500, Loss: 85.4762
Epoch 28/500, Loss: 85.2682
Epoch 29/500, Loss: 85.1348
Epoch 30/500, Loss: 85.0280
Epoch 31/500, Loss: 84.8532
Epoch 32/500, Loss: 84.7767
Epoch 33/500, Loss: 84.6124
Epoch 34/500, Loss: 84.5015
Epoch 35/500, Loss: 84.4289
Epoch 36/500, Loss: 84.3613
Epoch 37/500, Loss: 84.2618
Epoch 38/500, Loss: 84.2278
Epoch 39/500, Loss: 84.1243
Epoch 40/500, Loss: 84.1301
Epoch 41/500, Loss: 84.0164
Epoch 42/500, Loss: 83.8670
Epoch 43/500, Loss: 83.7862
Epoch 44/500, Loss: 83.7376
Epoch 45/500, Loss: 83.7437
Epoch 46/500, Loss: 83.7516
Epoch 47/500, Loss: 83.7507
Epoch 48/500, Loss: 83.6616
Epoch 49/500, Loss: 83.6457
Epoch 50/500, Loss: 83.6039
Epoch 51/500, Loss: 83.6598
Epoch 52/500, Loss: 83.5391
Epoch 53/500, Loss: 83.4614
Epoch 54/500, Loss: 83.3882
Epoch 55/500, Loss: 83.3990
Epoch 56/500, Loss: 83.3973
Epoch 57/500, Loss: 83.3414
Epoch 58/500, Loss: 83.2180
Epoch 59/500, Loss: 83.0572
Epoch 60/500, Loss: 83.1114
Epoch 61/500, Loss: 83.0129
Epoch 62/500, Loss: 83.0475
Epoch 63/500, Loss: 82.9973
Epoch 64/500, Loss: 82.8776
Epoch 65/500, Loss: 82.8957
Epoch 66/500, Loss: 82.9561
Epoch 67/500, Loss: 82.8518
Epoch 68/500, Loss: 82.8069
Epoch 69/500, Loss: 82.7438
Epoch 70/500, Loss: 82.7927
Epoch 71/500, Loss: 82.7885
Epoch 72/500, Loss: 82.6559
Epoch 73/500, Loss: 82.5899
Epoch 74/500, Loss: 82.5975
Epoch 75/500, Loss: 82.5187
Epoch 76/500, Loss: 82.4938
Epoch 77/500, Loss: 82.4685
Epoch 78/500, Loss: 82.4134
Epoch 79/500, Loss: 82.4155
Epoch 80/500, Loss: 82.3872
Epoch 81/500, Loss: 82.3852
Epoch 82/500, Loss: 82.3128
Epoch 83/500, Loss: 82.4409
Epoch 84/500, Loss: 82.4333
Epoch 85/500, Loss: 82.4062
Epoch 86/500, Loss: 82.3537
Epoch 87/500, Loss: 82.2535
Epoch 88/500, Loss: 82.2155
Epoch 89/500, Loss: 82.2869
Epoch 90/500, Loss: 82.2312
Epoch 91/500, Loss: 82.3033
Epoch 92/500, Loss: 82.2039
Epoch 93/500, Loss: 82.1525
Epoch 94/500, Loss: 82.1492
Epoch 95/500, Loss: 82.0951
Epoch 96/500, Loss: 82.1805
Epoch 97/500, Loss: 82.1229
Epoch 98/500, Loss: 82.0853
Epoch 99/500, Loss: 82.0636
Epoch 100/500, Loss: 82.1035
Epoch 101/500, Loss: 82.1601
Epoch 102/500, Loss: 82.0378
Epoch 103/500, Loss: 81.9503
Epoch 104/500, Loss: 81.8989
Epoch 105/500, Loss: 81.9875
Epoch 106/500, Loss: 81.9771
Epoch 107/500, Loss: 81.9568
Epoch 108/500, Loss: 81.8430
Epoch 109/500, Loss: 81.9495
Epoch 110/500, Loss: 81.9514
Epoch 111/500, Loss: 81.8573
Epoch 112/500, Loss: 81.8585
Epoch 113/500, Loss: 81.7836
Epoch 114/500, Loss: 81.7141
Epoch 115/500, Loss: 81.7906
Epoch 116/500, Loss: 81.8580
Epoch 117/500, Loss: 81.7203
Epoch 118/500, Loss: 81.7618
Epoch 119/500, Loss: 81.7546
Epoch 120/500, Loss: 81.7801
Epoch 121/500, Loss: 81.7431
Epoch 122/500, Loss: 81.6781
Epoch 123/500, Loss: 81.7786
Epoch 124/500, Loss: 81.6337
Epoch 125/500, Loss: 81.5896
Epoch 126/500, Loss: 81.6632
Epoch 127/500, Loss: 81.5410
Epoch 128/500, Loss: 81.6397
Epoch 129/500, Loss: 81.4860
Epoch 130/500, Loss: 81.5052
Epoch 131/500, Loss: 81.4102
Epoch 132/500, Loss: 81.5569
Epoch 133/500, Loss: 81.5316
Epoch 134/500, Loss: 81.4700
Epoch 135/500, Loss: 81.4208
Epoch 136/500, Loss: 81.3944
Epoch 137/500, Loss: 81.4641
Epoch 138/500, Loss: 81.4646
Epoch 139/500, Loss: 81.4118
Epoch 140/500, Loss: 81.3431
Epoch 141/500, Loss: 81.3687
Epoch 142/500, Loss: 81.3874
Epoch 143/500, Loss: 81.3762
Epoch 144/500, Loss: 81.4078
Epoch 145/500, Loss: 81.4432
Epoch 146/500, Loss: 81.3409
Epoch 147/500, Loss: 81.4920
Epoch 148/500, Loss: 81.4052
Epoch 149/500, Loss: 81.3741
Epoch 150/500, Loss: 81.3215
Epoch 151/500, Loss: 81.2970
Epoch 152/500, Loss: 81.4117
Epoch 153/500, Loss: 81.5216
Epoch 154/500, Loss: 81.3413
Epoch 155/500, Loss: 81.3384
Epoch 156/500, Loss: 81.4294
Epoch 157/500, Loss: 81.3294
Epoch 158/500, Loss: 81.2527
Epoch 159/500, Loss: 81.4663
Epoch 160/500, Loss: 81.3794
Epoch 161/500, Loss: 81.2593
Epoch 162/500, Loss: 81.3720
Epoch 163/500, Loss: 81.4206
Epoch 164/500, Loss: 81.3821
Epoch 165/500, Loss: 81.4330
Epoch 166/500, Loss: 81.2805
Epoch 167/500, Loss: 81.3370
Epoch 168/500, Loss: 81.4348
Epoch 169/500, Loss: 81.2989
Epoch 170/500, Loss: 81.2425
Epoch 171/500, Loss: 81.2935
Epoch 172/500, Loss: 81.3438
Epoch 173/500, Loss: 81.3184
Epoch 174/500, Loss: 81.2199
Epoch 175/500, Loss: 81.3116
Epoch 176/500, Loss: 81.2462
Epoch 177/500, Loss: 81.2128
Epoch 178/500, Loss: 81.2462
Epoch 179/500, Loss: 81.1771
Epoch 180/500, Loss: 81.4145
Epoch 181/500, Loss: 81.1386
Epoch 182/500, Loss: 81.1659
Epoch 183/500, Loss: 81.2053
Epoch 184/500, Loss: 81.1778
Epoch 185/500, Loss: 81.1999
Epoch 186/500, Loss: 81.1323
Epoch 187/500, Loss: 81.0546
Epoch 188/500, Loss: 81.0775
Epoch 189/500, Loss: 81.1756
Epoch 190/500, Loss: 81.1119
Epoch 191/500, Loss: 81.1385
Epoch 192/500, Loss: 81.0882
Epoch 193/500, Loss: 81.0920
Epoch 194/500, Loss: 81.1459
Epoch 195/500, Loss: 81.1451
Epoch 196/500, Loss: 81.0775
Epoch 197/500, Loss: 81.0905
Epoch 198/500, Loss: 81.1461
Epoch 199/500, Loss: 81.1152
Epoch 200/500, Loss: 81.1659
Epoch 201/500, Loss: 81.1763
Epoch 202/500, Loss: 81.0696
Epoch 203/500, Loss: 81.1811
Epoch 204/500, Loss: 81.1463
Epoch 205/500, Loss: 81.2853
Epoch 206/500, Loss: 81.0321
Epoch 207/500, Loss: 81.1134
Epoch 208/500, Loss: 81.1691
Epoch 209/500, Loss: 81.1054
Epoch 210/500, Loss: 81.0512
Epoch 211/500, Loss: 81.1033
Epoch 212/500, Loss: 81.0133
Epoch 213/500, Loss: 81.0085
Epoch 214/500, Loss: 81.0892
Epoch 215/500, Loss: 81.0338
Epoch 216/500, Loss: 80.9774
Epoch 217/500, Loss: 81.0147
Epoch 218/500, Loss: 81.0401
Epoch 219/500, Loss: 81.0562
Epoch 220/500, Loss: 81.0487
Epoch 221/500, Loss: 80.9620
Epoch 222/500, Loss: 81.0746
Epoch 223/500, Loss: 81.0148
Epoch 224/500, Loss: 81.0077
Epoch 225/500, Loss: 81.0074
Epoch 226/500, Loss: 81.0394
Epoch 227/500, Loss: 81.1281
Epoch 228/500, Loss: 81.0545
Epoch 229/500, Loss: 81.0870
Epoch 230/500, Loss: 81.0014
Epoch 231/500, Loss: 81.1012
Epoch 232/500, Loss: 80.9682
Epoch 233/500, Loss: 80.9793
Epoch 234/500, Loss: 81.0293
Epoch 235/500, Loss: 80.9629
Epoch 236/500, Loss: 80.9455
Epoch 237/500, Loss: 80.9383
Epoch 238/500, Loss: 80.9109
Epoch 239/500, Loss: 80.9577
Epoch 240/500, Loss: 80.9987
Epoch 241/500, Loss: 81.0186
Epoch 242/500, Loss: 80.9421
Epoch 243/500, Loss: 81.1259
Epoch 244/500, Loss: 80.9272
Epoch 245/500, Loss: 80.9298
Epoch 246/500, Loss: 80.9952
Epoch 247/500, Loss: 80.9492
Epoch 248/500, Loss: 81.0168
Epoch 249/500, Loss: 80.9832
Epoch 250/500, Loss: 80.9475
Epoch 251/500, Loss: 80.9592
Epoch 252/500, Loss: 80.9824
Epoch 253/500, Loss: 81.1214
Epoch 254/500, Loss: 81.0161
Epoch 255/500, Loss: 80.9045
Epoch 256/500, Loss: 80.9969
Epoch 257/500, Loss: 80.9548
Epoch 258/500, Loss: 80.9824
Epoch 259/500, Loss: 80.9295
Epoch 260/500, Loss: 80.9459
Epoch 261/500, Loss: 81.0248
Epoch 262/500, Loss: 80.9749
Epoch 263/500, Loss: 80.9868
Epoch 264/500, Loss: 81.0852
Epoch 265/500, Loss: 80.9787
Epoch 266/500, Loss: 80.9727
Epoch 267/500, Loss: 80.9393
Epoch 268/500, Loss: 80.9728
Epoch 269/500, Loss: 81.0196
Epoch 270/500, Loss: 80.9270
Epoch 271/500, Loss: 81.0333
Epoch 272/500, Loss: 80.8931
Epoch 273/500, Loss: 80.9111
Epoch 274/500, Loss: 81.0103
Epoch 275/500, Loss: 80.9410
Epoch 276/500, Loss: 80.9215
Epoch 277/500, Loss: 80.9375
Epoch 278/500, Loss: 80.8797
Epoch 279/500, Loss: 80.8854
Epoch 280/500, Loss: 80.8872
Epoch 281/500, Loss: 80.9081
Epoch 282/500, Loss: 80.9153
Epoch 283/500, Loss: 80.8568
Epoch 284/500, Loss: 80.9239
Epoch 285/500, Loss: 80.9253
Epoch 286/500, Loss: 80.8519
Epoch 287/500, Loss: 80.8677
Epoch 288/500, Loss: 80.8161
Epoch 289/500, Loss: 80.7915
Epoch 290/500, Loss: 80.7942
Epoch 291/500, Loss: 80.8084
Epoch 292/500, Loss: 80.8651
Epoch 293/500, Loss: 80.8234
Epoch 294/500, Loss: 80.8880
Epoch 295/500, Loss: 80.8660
Epoch 296/500, Loss: 80.8726
Epoch 297/500, Loss: 80.9204
Epoch 298/500, Loss: 80.7549
Epoch 299/500, Loss: 80.7909
Epoch 300/500, Loss: 80.8789
Epoch 301/500, Loss: 80.8071
Epoch 302/500, Loss: 80.9040
Epoch 303/500, Loss: 80.7928
Epoch 304/500, Loss: 80.7392
Epoch 305/500, Loss: 80.8365
Epoch 306/500, Loss: 80.9067
Epoch 307/500, Loss: 80.8467
Epoch 308/500, Loss: 80.8477
Epoch 309/500, Loss: 80.9302
Epoch 310/500, Loss: 80.7648
Epoch 311/500, Loss: 80.7700
Epoch 312/500, Loss: 80.8428
Epoch 313/500, Loss: 80.7879
Epoch 314/500, Loss: 80.7243
Epoch 315/500, Loss: 80.7806
Epoch 316/500, Loss: 80.6966
Epoch 317/500, Loss: 80.7604
Epoch 318/500, Loss: 80.7330
Epoch 319/500, Loss: 80.8032
Epoch 320/500, Loss: 80.6970
Epoch 321/500, Loss: 80.7958
Epoch 322/500, Loss: 80.9014
Epoch 323/500, Loss: 80.7313
Epoch 324/500, Loss: 80.7087
Epoch 325/500, Loss: 80.6579
Epoch 326/500, Loss: 80.6666
Epoch 327/500, Loss: 80.7507
Epoch 328/500, Loss: 80.6865
Epoch 329/500, Loss: 80.7276
Epoch 330/500, Loss: 81.0142
Epoch 331/500, Loss: 80.7153
Epoch 332/500, Loss: 80.8407
Epoch 333/500, Loss: 80.7693
Epoch 334/500, Loss: 80.6817
Epoch 335/500, Loss: 80.7019
Epoch 336/500, Loss: 80.6472
Epoch 337/500, Loss: 80.7500
Epoch 338/500, Loss: 80.6884
Epoch 339/500, Loss: 80.7519
Epoch 340/500, Loss: 80.6709
Epoch 341/500, Loss: 80.6588
Epoch 342/500, Loss: 80.6159
Epoch 343/500, Loss: 80.6387
Epoch 344/500, Loss: 80.7105
Epoch 345/500, Loss: 80.6145
Epoch 346/500, Loss: 80.6910
Epoch 347/500, Loss: 80.6574
Epoch 348/500, Loss: 80.6594
Epoch 349/500, Loss: 80.6167
Epoch 350/500, Loss: 80.5987
Epoch 351/500, Loss: 80.6598
Epoch 352/500, Loss: 80.5481
Epoch 353/500, Loss: 80.5763
Epoch 354/500, Loss: 80.7026
Epoch 355/500, Loss: 80.6426
Epoch 356/500, Loss: 80.6353
Epoch 357/500, Loss: 80.8905
Epoch 358/500, Loss: 80.6278
Epoch 359/500, Loss: 80.6480
Epoch 360/500, Loss: 80.5682
Epoch 361/500, Loss: 80.6565
Epoch 362/500, Loss: 80.6315
Epoch 363/500, Loss: 80.5833
Epoch 364/500, Loss: 80.5771
Epoch 365/500, Loss: 80.6422
Epoch 366/500, Loss: 80.5938
Epoch 367/500, Loss: 80.6076
Epoch 368/500, Loss: 80.6628
Epoch 369/500, Loss: 80.5984
Epoch 370/500, Loss: 80.6074
Epoch 371/500, Loss: 80.5227
Epoch 372/500, Loss: 80.6554
Epoch 373/500, Loss: 80.7089
Epoch 374/500, Loss: 80.6072
Epoch 375/500, Loss: 80.5848
Epoch 376/500, Loss: 80.5526
Epoch 377/500, Loss: 80.5683
Epoch 378/500, Loss: 80.5067
Epoch 379/500, Loss: 80.5136
Epoch 380/500, Loss: 80.5229
Epoch 381/500, Loss: 80.6975
Epoch 382/500, Loss: 80.4889
Epoch 383/500, Loss: 80.5519
Epoch 384/500, Loss: 80.5228
Epoch 385/500, Loss: 80.4721
Epoch 386/500, Loss: 80.6402
Epoch 387/500, Loss: 80.5072
Epoch 388/500, Loss: 80.5133
Epoch 389/500, Loss: 80.5221
Epoch 390/500, Loss: 80.5856
Epoch 391/500, Loss: 80.5177
Epoch 392/500, Loss: 80.5531
Epoch 393/500, Loss: 80.5849
Epoch 394/500, Loss: 80.5022
Epoch 395/500, Loss: 80.4819
Epoch 396/500, Loss: 80.5686
Epoch 397/500, Loss: 80.5077
Epoch 398/500, Loss: 80.5719
Epoch 399/500, Loss: 80.4117
Epoch 400/500, Loss: 80.4417
Epoch 401/500, Loss: 80.4252
Epoch 402/500, Loss: 80.5153
Epoch 403/500, Loss: 80.4777
Epoch 404/500, Loss: 80.4679
Epoch 405/500, Loss: 80.4710
Epoch 406/500, Loss: 80.4286
Epoch 407/500, Loss: 80.4386
Epoch 408/500, Loss: 80.4891
Epoch 409/500, Loss: 80.4393
Epoch 410/500, Loss: 80.4607
Epoch 411/500, Loss: 80.5164
Epoch 412/500, Loss: 80.4802
Epoch 413/500, Loss: 80.6257
Epoch 414/500, Loss: 80.5105
Epoch 415/500, Loss: 80.5065
Epoch 416/500, Loss: 80.5479
Epoch 417/500, Loss: 80.5013
Epoch 418/500, Loss: 80.4098
Epoch 419/500, Loss: 80.4344
Epoch 420/500, Loss: 80.5001
Epoch 421/500, Loss: 80.4702
Epoch 422/500, Loss: 80.5533
Epoch 423/500, Loss: 80.5211
Epoch 424/500, Loss: 80.4688
Epoch 425/500, Loss: 80.4974
Epoch 426/500, Loss: 80.4324
Epoch 427/500, Loss: 80.4645
Epoch 428/500, Loss: 80.5324
Epoch 429/500, Loss: 80.5269
Epoch 430/500, Loss: 80.4919
Epoch 431/500, Loss: 80.4979
Epoch 432/500, Loss: 80.5002
Epoch 433/500, Loss: 80.4728
Epoch 434/500, Loss: 80.5419
Epoch 435/500, Loss: 80.4507
Epoch 436/500, Loss: 80.5207
Epoch 437/500, Loss: 80.4203
Epoch 438/500, Loss: 80.4173
Epoch 439/500, Loss: 80.4330
Epoch 440/500, Loss: 80.5362
Epoch 441/500, Loss: 80.5775
Epoch 442/500, Loss: 80.4483
Epoch 443/500, Loss: 80.4566
Epoch 444/500, Loss: 80.4333
Epoch 445/500, Loss: 80.4038
Epoch 446/500, Loss: 80.3881
Epoch 447/500, Loss: 80.4826
Epoch 448/500, Loss: 80.4790
Epoch 449/500, Loss: 80.5687
Epoch 450/500, Loss: 80.5286
Epoch 451/500, Loss: 80.4831
Epoch 452/500, Loss: 80.4723
Epoch 453/500, Loss: 80.4582
Epoch 454/500, Loss: 80.5016
Epoch 455/500, Loss: 80.4443
Epoch 456/500, Loss: 80.4014
Epoch 457/500, Loss: 80.4120
Epoch 458/500, Loss: 80.4436
Epoch 459/500, Loss: 80.3858
Epoch 460/500, Loss: 80.4301
Epoch 461/500, Loss: 80.4019
Epoch 462/500, Loss: 80.4455
Epoch 463/500, Loss: 80.5329
Epoch 464/500, Loss: 80.4466
Epoch 465/500, Loss: 80.4323
Epoch 466/500, Loss: 80.4517
Epoch 467/500, Loss: 80.4929
Epoch 468/500, Loss: 80.5093
Epoch 469/500, Loss: 80.5461
Epoch 470/500, Loss: 80.5000
Epoch 471/500, Loss: 80.4635
Epoch 472/500, Loss: 80.5061
Epoch 473/500, Loss: 80.4983
Epoch 474/500, Loss: 80.4877
Epoch 475/500, Loss: 80.4011
Epoch 476/500, Loss: 80.5292
Epoch 477/500, Loss: 80.4001
Epoch 478/500, Loss: 80.4668
Epoch 479/500, Loss: 80.5299
Epoch 480/500, Loss: 80.4634
Epoch 481/500, Loss: 80.5765
Epoch 482/500, Loss: 80.4499
Epoch 483/500, Loss: 80.5970
Epoch 484/500, Loss: 80.4177
Epoch 485/500, Loss: 80.4081
Epoch 486/500, Loss: 80.4845
Epoch 487/500, Loss: 80.4593
Epoch 488/500, Loss: 80.5332
Epoch 489/500, Loss: 80.5163
Epoch 490/500, Loss: 80.4265
Epoch 491/500, Loss: 80.4200
Epoch 492/500, Loss: 80.4345
Epoch 493/500, Loss: 80.4730
Epoch 494/500, Loss: 80.4621
Epoch 495/500, Loss: 80.4866
Epoch 496/500, Loss: 80.5189
Epoch 497/500, Loss: 80.3617
Epoch 498/500, Loss: 80.4670
Epoch 499/500, Loss: 80.4529
Epoch 500/500, Loss: 80.3266
error! local variable 'feat_uv' referenced before assignment
