nohup: ignoring input
/storage/scratch/0994359/hetero-conv-matching/.venv/lib64/python3.9/site-packages/networkx/utils/backends.py:135: RuntimeWarning: networkx backend defined more than once: nx-loopback
  backends.update(_get_backends("networkx.backends"))
results/output_5_pairs_runs.log
results/Citeseer_AUTO_pca_30/1.0
0
1
2
3
4
results/Citeseer_AUTO_pca_30/0.9
0
1
2
3
4
results/Citeseer_AUTO_pca_30/0.8
0
1
2
3
4
results/Citeseer_AUTO_pca_30/0.7
0
1
2
3
4
results/Citeseer_AUTO_pca_30/0.6
0
1
2
3
4
results/Citeseer_AUTO_pca_30/0.5
0
1
2
3
4
results/Citeseer_AUTO_pca_30/0.4
0
1
2
3
4
results/Citeseer_AUTO_pca_30/0.3
0
1
2
3
4
results/Citeseer_AUTO_pca_30/0.2
0
1
2
3
4
results/Citeseer_AUTO_pca_30/0.1
0
1
2
3
4
results/Citeseer_AUTO_pca_30/0.02
0
1
2
3
4
results/Citeseer_AUTO_pca_30/0.01
0
1
2
3
4
results/Citeseer_AUTO_pca_30/0.0
0
1
2
3
4
results/Citeseer_CLL_pca_30/1.0
0
1
2
3
4
results/Citeseer_CLL_pca_30/0.9
0
1
2
3
4
results/Citeseer_CLL_pca_30/0.8
0
1
2
3
4
results/Citeseer_CLL_pca_30/0.7
0
1
2
3
4
results/Citeseer_CLL_pca_30/0.6
0
1
2
3
4
results/Citeseer_CLL_pca_30/0.5
0
1
2
3
4
results/Citeseer_CLL_pca_30/0.4
0
1
2
3
4
results/Citeseer_CLL_pca_30/0.3
0
1
2
3
4
results/Citeseer_CLL_pca_30/0.2
0
1
2
3
4
results/Citeseer_CLL_pca_30/0.1
0
1
2
3
4
results/Citeseer_CLL_pca_30/0.02
0
1
2
3
4
results/Citeseer_CLL_pca_30/0.01
0
1
2
3
4
results/Citeseer_CLL_pca_30/0.0
0
1
2
3
4
results/Citeseer_CLNL_pca_30/1.0
0
1
2
3
4
results/Citeseer_CLNL_pca_30/0.9
0
1
2
3
4
results/Citeseer_CLNL_pca_30/0.8
0
1
2
3
4
results/Citeseer_CLNL_pca_30/0.7
0
1
2
3
4
results/Citeseer_CLNL_pca_30/0.6
0
1
2
3
4
results/Citeseer_CLNL_pca_30/0.5
0
1
2
3
4
results/Citeseer_CLNL_pca_30/0.4
0
1
2
3
4
results/Citeseer_CLNL_pca_30/0.3
0
1
2
3
4
results/Citeseer_CLNL_pca_30/0.2
0
1
2
3
4
results/Citeseer_CLNL_pca_30/0.1
0
1
2
3
4
results/Citeseer_CLNL_pca_30/0.02
0
1
2
3
4
results/Citeseer_CLNL_pca_30/0.01
0
1
2
3
4
results/Citeseer_CLNL_pca_30/0.0
0
1
2
3
4
results/Actor_None_pca_30/1.0
error [Errno 2] No such file or directory: 'results/Actor_None_pca_30/1.0'
results/Actor_None_pca_30/0.9
error [Errno 2] No such file or directory: 'results/Actor_None_pca_30/0.9'
results/Actor_None_pca_30/0.8
error [Errno 2] No such file or directory: 'results/Actor_None_pca_30/0.8'
results/Actor_None_pca_30/0.7
error [Errno 2] No such file or directory: 'results/Actor_None_pca_30/0.7'
results/Actor_None_pca_30/0.6
error [Errno 2] No such file or directory: 'results/Actor_None_pca_30/0.6'
results/Actor_None_pca_30/0.5
error [Errno 2] No such file or directory: 'results/Actor_None_pca_30/0.5'
results/Actor_None_pca_30/0.4
error [Errno 2] No such file or directory: 'results/Actor_None_pca_30/0.4'
results/Actor_None_pca_30/0.3
error [Errno 2] No such file or directory: 'results/Actor_None_pca_30/0.3'
results/Actor_None_pca_30/0.2
error [Errno 2] No such file or directory: 'results/Actor_None_pca_30/0.2'
results/Actor_None_pca_30/0.1
error [Errno 2] No such file or directory: 'results/Actor_None_pca_30/0.1'
results/Actor_None_pca_30/0.02
error [Errno 2] No such file or directory: 'results/Actor_None_pca_30/0.02'
results/Actor_None_pca_30/0.01
error [Errno 2] No such file or directory: 'results/Actor_None_pca_30/0.01'
results/Actor_None_pca_30/0.0
error [Errno 2] No such file or directory: 'results/Actor_None_pca_30/0.0'
results/Actor_CCA_pca_30/1.0
error [Errno 2] No such file or directory: 'results/Actor_CCA_pca_30/1.0'
results/Actor_CCA_pca_30/0.9
error [Errno 2] No such file or directory: 'results/Actor_CCA_pca_30/0.9'
results/Actor_CCA_pca_30/0.8
error [Errno 2] No such file or directory: 'results/Actor_CCA_pca_30/0.8'
results/Actor_CCA_pca_30/0.7
error [Errno 2] No such file or directory: 'results/Actor_CCA_pca_30/0.7'
results/Actor_CCA_pca_30/0.6
error [Errno 2] No such file or directory: 'results/Actor_CCA_pca_30/0.6'
results/Actor_CCA_pca_30/0.5
error [Errno 2] No such file or directory: 'results/Actor_CCA_pca_30/0.5'
results/Actor_CCA_pca_30/0.4
error [Errno 2] No such file or directory: 'results/Actor_CCA_pca_30/0.4'
results/Actor_CCA_pca_30/0.3
error [Errno 2] No such file or directory: 'results/Actor_CCA_pca_30/0.3'
results/Actor_CCA_pca_30/0.2
error [Errno 2] No such file or directory: 'results/Actor_CCA_pca_30/0.2'
results/Actor_CCA_pca_30/0.1
error [Errno 2] No such file or directory: 'results/Actor_CCA_pca_30/0.1'
results/Actor_CCA_pca_30/0.02
error [Errno 2] No such file or directory: 'results/Actor_CCA_pca_30/0.02'
results/Actor_CCA_pca_30/0.01
error [Errno 2] No such file or directory: 'results/Actor_CCA_pca_30/0.01'
results/Actor_CCA_pca_30/0.0
error [Errno 2] No such file or directory: 'results/Actor_CCA_pca_30/0.0'
results/Actor_AUTO_pca_30/1.0
error [Errno 2] No such file or directory: 'results/Actor_AUTO_pca_30/1.0'
results/Actor_AUTO_pca_30/0.9
error [Errno 2] No such file or directory: 'results/Actor_AUTO_pca_30/0.9'
results/Actor_AUTO_pca_30/0.8
error [Errno 2] No such file or directory: 'results/Actor_AUTO_pca_30/0.8'
results/Actor_AUTO_pca_30/0.7
error [Errno 2] No such file or directory: 'results/Actor_AUTO_pca_30/0.7'
results/Actor_AUTO_pca_30/0.6
error [Errno 2] No such file or directory: 'results/Actor_AUTO_pca_30/0.6'
results/Actor_AUTO_pca_30/0.5
error [Errno 2] No such file or directory: 'results/Actor_AUTO_pca_30/0.5'
results/Actor_AUTO_pca_30/0.4
error [Errno 2] No such file or directory: 'results/Actor_AUTO_pca_30/0.4'
results/Actor_AUTO_pca_30/0.3
error [Errno 2] No such file or directory: 'results/Actor_AUTO_pca_30/0.3'
results/Actor_AUTO_pca_30/0.2
error [Errno 2] No such file or directory: 'results/Actor_AUTO_pca_30/0.2'
results/Actor_AUTO_pca_30/0.1
error [Errno 2] No such file or directory: 'results/Actor_AUTO_pca_30/0.1'
results/Actor_AUTO_pca_30/0.02
error [Errno 2] No such file or directory: 'results/Actor_AUTO_pca_30/0.02'
results/Actor_AUTO_pca_30/0.01
error [Errno 2] No such file or directory: 'results/Actor_AUTO_pca_30/0.01'
results/Actor_AUTO_pca_30/0.0
error [Errno 2] No such file or directory: 'results/Actor_AUTO_pca_30/0.0'
results/Actor_CLL_pca_30/1.0
error [Errno 2] No such file or directory: 'results/Actor_CLL_pca_30/1.0'
results/Actor_CLL_pca_30/0.9
error [Errno 2] No such file or directory: 'results/Actor_CLL_pca_30/0.9'
results/Actor_CLL_pca_30/0.8
error [Errno 2] No such file or directory: 'results/Actor_CLL_pca_30/0.8'
results/Actor_CLL_pca_30/0.7
error [Errno 2] No such file or directory: 'results/Actor_CLL_pca_30/0.7'
results/Actor_CLL_pca_30/0.6
error [Errno 2] No such file or directory: 'results/Actor_CLL_pca_30/0.6'
results/Actor_CLL_pca_30/0.5
error [Errno 2] No such file or directory: 'results/Actor_CLL_pca_30/0.5'
results/Actor_CLL_pca_30/0.4
error [Errno 2] No such file or directory: 'results/Actor_CLL_pca_30/0.4'
results/Actor_CLL_pca_30/0.3
error [Errno 2] No such file or directory: 'results/Actor_CLL_pca_30/0.3'
results/Actor_CLL_pca_30/0.2
error [Errno 2] No such file or directory: 'results/Actor_CLL_pca_30/0.2'
results/Actor_CLL_pca_30/0.1
error [Errno 2] No such file or directory: 'results/Actor_CLL_pca_30/0.1'
results/Actor_CLL_pca_30/0.02
error [Errno 2] No such file or directory: 'results/Actor_CLL_pca_30/0.02'
results/Actor_CLL_pca_30/0.01
error [Errno 2] No such file or directory: 'results/Actor_CLL_pca_30/0.01'
results/Actor_CLL_pca_30/0.0
error [Errno 2] No such file or directory: 'results/Actor_CLL_pca_30/0.0'
results/Actor_CLNL_pca_30/1.0
error [Errno 2] No such file or directory: 'results/Actor_CLNL_pca_30/1.0'
results/Actor_CLNL_pca_30/0.9
error [Errno 2] No such file or directory: 'results/Actor_CLNL_pca_30/0.9'
results/Actor_CLNL_pca_30/0.8
error [Errno 2] No such file or directory: 'results/Actor_CLNL_pca_30/0.8'
results/Actor_CLNL_pca_30/0.7
error [Errno 2] No such file or directory: 'results/Actor_CLNL_pca_30/0.7'
results/Actor_CLNL_pca_30/0.6
error [Errno 2] No such file or directory: 'results/Actor_CLNL_pca_30/0.6'
results/Actor_CLNL_pca_30/0.5
error [Errno 2] No such file or directory: 'results/Actor_CLNL_pca_30/0.5'
results/Actor_CLNL_pca_30/0.4
error [Errno 2] No such file or directory: 'results/Actor_CLNL_pca_30/0.4'
results/Actor_CLNL_pca_30/0.3
error [Errno 2] No such file or directory: 'results/Actor_CLNL_pca_30/0.3'
results/Actor_CLNL_pca_30/0.2
error [Errno 2] No such file or directory: 'results/Actor_CLNL_pca_30/0.2'
results/Actor_CLNL_pca_30/0.1
error [Errno 2] No such file or directory: 'results/Actor_CLNL_pca_30/0.1'
results/Actor_CLNL_pca_30/0.02
error [Errno 2] No such file or directory: 'results/Actor_CLNL_pca_30/0.02'
results/Actor_CLNL_pca_30/0.01
error [Errno 2] No such file or directory: 'results/Actor_CLNL_pca_30/0.01'
results/Actor_CLNL_pca_30/0.0
error [Errno 2] No such file or directory: 'results/Actor_CLNL_pca_30/0.0'
results/DBLP_CLNL_pca_30/1.0
0
1
2
3
4
results/DBLP_CLNL_pca_30/0.9
0
1
2
3
4
results/DBLP_CLNL_pca_30/0.8
0
1
2
3
4
results/DBLP_CLNL_pca_30/0.7
0
1
2
3
4
results/DBLP_CLNL_pca_30/0.6
0
1
2
3
4
results/DBLP_CLNL_pca_30/0.5
0
1
2
3
4
results/DBLP_CLNL_pca_30/0.4
0
1
2
3
4
results/DBLP_CLNL_pca_30/0.3
0
1
2
3
4
results/DBLP_CLNL_pca_30/0.2
0
1
2
3
4
results/DBLP_CLNL_pca_30/0.1
0
1
2
3
4
results/DBLP_CLNL_pca_30/0.02
0
1
2
3
4
results/DBLP_CLNL_pca_30/0.01
0
1
2
3
4
results/DBLP_CLNL_pca_30/0.0
0
1
2
3
4
results/IMDB_CCA_pca_30_5_pairs_0/1.0
0
1
2
3
4
results/IMDB_CCA_pca_30_5_pairs_0/0.9
0
1
2
3
4
results/IMDB_CCA_pca_30_5_pairs_0/0.8
0
1
2
3
4
results/IMDB_CCA_pca_30_5_pairs_0/0.7
0
1
2
3
4
results/IMDB_CCA_pca_30_5_pairs_0/0.6
0
1
2
3
4
results/IMDB_CCA_pca_30_5_pairs_0/0.5
0
1
2
3
4
results/IMDB_CCA_pca_30_5_pairs_0/0.4
0
1
2
3
4
results/IMDB_CCA_pca_30_5_pairs_0/0.3
0
1
2
3
4
results/IMDB_CCA_pca_30_5_pairs_0/0.2
0
1
2
3
4
results/IMDB_CCA_pca_30_5_pairs_0/0.1
0
1
2
3
4
results/IMDB_CCA_pca_30_5_pairs_0/0.02
0
1
2
3
4
results/IMDB_CCA_pca_30_5_pairs_0/0.01
0
1
2
3
4
results/IMDB_CCA_pca_30_5_pairs_0/0.0
0
1
2
3
4
results/IMDB_AUTO_pca_30_5_pairs_0/1.0
0
1
2
3
4
results/IMDB_AUTO_pca_30_5_pairs_0/0.9
0
1
2
3
4
results/IMDB_AUTO_pca_30_5_pairs_0/0.8
0
1
2
3
4
results/IMDB_AUTO_pca_30_5_pairs_0/0.7
0
1
2
3
4
results/IMDB_AUTO_pca_30_5_pairs_0/0.6
0
1
2
3
4
results/IMDB_AUTO_pca_30_5_pairs_0/0.5
0
1
2
3
4
results/IMDB_AUTO_pca_30_5_pairs_0/0.4
0
1
2
3
4
results/IMDB_AUTO_pca_30_5_pairs_0/0.3
0
1
2
3
4
results/IMDB_AUTO_pca_30_5_pairs_0/0.2
0
1
2
3
4
results/IMDB_AUTO_pca_30_5_pairs_0/0.1
0
1
2
3
4
results/IMDB_AUTO_pca_30_5_pairs_0/0.02
0
1
2
3
4
results/IMDB_AUTO_pca_30_5_pairs_0/0.01
0
1
2
3
4
results/IMDB_AUTO_pca_30_5_pairs_0/0.0
0
1
2
3
4
results/IMDB_CLL_pca_30_5_pairs_0/1.0
0
1
2
3
4
results/IMDB_CLL_pca_30_5_pairs_0/0.9
0
1
2
3
4
results/IMDB_CLL_pca_30_5_pairs_0/0.8
0
1
2
3
4
results/IMDB_CLL_pca_30_5_pairs_0/0.7
0
1
2
3
4
results/IMDB_CLL_pca_30_5_pairs_0/0.6
0
1
2
3
4
results/IMDB_CLL_pca_30_5_pairs_0/0.5
0
1
2
3
4
results/IMDB_CLL_pca_30_5_pairs_0/0.4
0
1
2
3
4
results/IMDB_CLL_pca_30_5_pairs_0/0.3
0
1
2
3
4
results/IMDB_CLL_pca_30_5_pairs_0/0.2
0
1
2
3
4
results/IMDB_CLL_pca_30_5_pairs_0/0.1
0
1
2
3
4
results/IMDB_CLL_pca_30_5_pairs_0/0.02
0
1
2
3
4
results/IMDB_CLL_pca_30_5_pairs_0/0.01
0
1
2
3
4
results/IMDB_CLL_pca_30_5_pairs_0/0.0
0
1
2
3
4
results/IMDB_CLNL_pca_30_5_pairs_0/1.0
0
1
2
3
4
results/IMDB_CLNL_pca_30_5_pairs_0/0.9
0
1
2
3
4
results/IMDB_CLNL_pca_30_5_pairs_0/0.8
0
1
2
3
4
results/IMDB_CLNL_pca_30_5_pairs_0/0.7
0
1
2
3
4
results/IMDB_CLNL_pca_30_5_pairs_0/0.6
0
1
2
3
4
results/IMDB_CLNL_pca_30_5_pairs_0/0.5
0
1
2
3
4
results/IMDB_CLNL_pca_30_5_pairs_0/0.4
0
1
2
3
4
results/IMDB_CLNL_pca_30_5_pairs_0/0.3
0
1
2
3
4
results/IMDB_CLNL_pca_30_5_pairs_0/0.2
0
1
2
3
4
results/IMDB_CLNL_pca_30_5_pairs_0/0.1
0
1
2
3
4
results/IMDB_CLNL_pca_30_5_pairs_0/0.02
0
1
2
3
4
results/IMDB_CLNL_pca_30_5_pairs_0/0.01
0
1
2
3
4
results/IMDB_CLNL_pca_30_5_pairs_0/0.0
0
1
2
3
4
results/ACM_CCA_pca_30_5_pairs_0/1.0
0
1
2
3
4
results/ACM_CCA_pca_30_5_pairs_0/0.9
0
1
2
3
4
results/ACM_CCA_pca_30_5_pairs_0/0.8
0
1
2
3
4
results/ACM_CCA_pca_30_5_pairs_0/0.7
0
1
2
3
4
results/ACM_CCA_pca_30_5_pairs_0/0.6
0
1
2
3
4
results/ACM_CCA_pca_30_5_pairs_0/0.5
0
1
2
3
4
results/ACM_CCA_pca_30_5_pairs_0/0.4
0
1
2
3
4
results/ACM_CCA_pca_30_5_pairs_0/0.3
0
1
2
3
4
results/ACM_CCA_pca_30_5_pairs_0/0.2
0
1
2
3
4
results/ACM_CCA_pca_30_5_pairs_0/0.1
0
1
2
3
4
results/ACM_CCA_pca_30_5_pairs_0/0.02
0
1
2
3
4
results/ACM_CCA_pca_30_5_pairs_0/0.01
0
1
2
3
4
results/ACM_CCA_pca_30_5_pairs_0/0.0
0
1
2
3
4
results/ACM_AUTO_pca_30_5_pairs_0/1.0
0
1
2
3
4
results/ACM_AUTO_pca_30_5_pairs_0/0.9
0
1
2
3
4
results/ACM_AUTO_pca_30_5_pairs_0/0.8
0
1
2
3
4
results/ACM_AUTO_pca_30_5_pairs_0/0.7
0
1
2
3
4
results/ACM_AUTO_pca_30_5_pairs_0/0.6
0
1
2
3
4
results/ACM_AUTO_pca_30_5_pairs_0/0.5
0
1
2
3
4
results/ACM_AUTO_pca_30_5_pairs_0/0.4
0
1
2
3
4
results/ACM_AUTO_pca_30_5_pairs_0/0.3
0
1
2
3
4
results/ACM_AUTO_pca_30_5_pairs_0/0.2
0
1
2
3
4
results/ACM_AUTO_pca_30_5_pairs_0/0.1
0
1
2
3
4
results/ACM_AUTO_pca_30_5_pairs_0/0.02
0
1
2
3
4
results/ACM_AUTO_pca_30_5_pairs_0/0.01
0
1
2
3
4
results/ACM_AUTO_pca_30_5_pairs_0/0.0
0
1
2
3
4
results/ACM_CLL_pca_30_5_pairs_0/1.0
0
1
2
3
4
results/ACM_CLL_pca_30_5_pairs_0/0.9
0
1
2
3
4
results/ACM_CLL_pca_30_5_pairs_0/0.8
0
1
2
3
4
results/ACM_CLL_pca_30_5_pairs_0/0.7
0
1
2
3
4
results/ACM_CLL_pca_30_5_pairs_0/0.6
0
1
2
3
4
results/ACM_CLL_pca_30_5_pairs_0/0.5
0
1
2
3
4
results/ACM_CLL_pca_30_5_pairs_0/0.4
0
1
2
3
4
results/ACM_CLL_pca_30_5_pairs_0/0.3
0
1
2
3
4
results/ACM_CLL_pca_30_5_pairs_0/0.2
0
1
2
3
4
results/ACM_CLL_pca_30_5_pairs_0/0.1
0
1
2
3
4
results/ACM_CLL_pca_30_5_pairs_0/0.02
0
1
2
3
4
results/ACM_CLL_pca_30_5_pairs_0/0.01
0
1
2
3
4
results/ACM_CLL_pca_30_5_pairs_0/0.0
0
1
2
3
4
results/ACM_CLNL_pca_30_5_pairs_0/1.0
0
1
2
3
4
results/ACM_CLNL_pca_30_5_pairs_0/0.9
0
1
2
3
4
results/ACM_CLNL_pca_30_5_pairs_0/0.8
0
1
2
3
4
results/ACM_CLNL_pca_30_5_pairs_0/0.7
0
1
2
3
4
results/ACM_CLNL_pca_30_5_pairs_0/0.6
0
1
2
3
4
results/ACM_CLNL_pca_30_5_pairs_0/0.5
0
1
2
3
4
results/ACM_CLNL_pca_30_5_pairs_0/0.4
0
1
2
3
4
results/ACM_CLNL_pca_30_5_pairs_0/0.3
0
1
2
3
4
results/ACM_CLNL_pca_30_5_pairs_0/0.2
0
1
2
3
4
results/ACM_CLNL_pca_30_5_pairs_0/0.1
0
1
2
3
4
results/ACM_CLNL_pca_30_5_pairs_0/0.02
0
1
2
3
4
results/ACM_CLNL_pca_30_5_pairs_0/0.01
0
1
2
3
4
results/ACM_CLNL_pca_30_5_pairs_0/0.0
0
1
2
3
4
results/DBLP_CCA_pca_30_5_pairs_0/1.0
0
1
2
3
4
results/DBLP_CCA_pca_30_5_pairs_0/0.9
0
1
2
3
4
results/DBLP_CCA_pca_30_5_pairs_0/0.8
0
1
2
3
4
results/DBLP_CCA_pca_30_5_pairs_0/0.7
0
1
2
3
4
results/DBLP_CCA_pca_30_5_pairs_0/0.6
0
1
2
3
4
results/DBLP_CCA_pca_30_5_pairs_0/0.5
0
1
2
3
4
results/DBLP_CCA_pca_30_5_pairs_0/0.4
0
1
2
3
4
results/DBLP_CCA_pca_30_5_pairs_0/0.3
0
1
2
3
4
results/DBLP_CCA_pca_30_5_pairs_0/0.2
0
1
2
3
4
results/DBLP_CCA_pca_30_5_pairs_0/0.1
0
1
2
3
4
results/DBLP_CCA_pca_30_5_pairs_0/0.02
0
1
2
3
4
results/DBLP_CCA_pca_30_5_pairs_0/0.01
0
1
2
3
4
results/DBLP_CCA_pca_30_5_pairs_0/0.0
0
1
2
3
4
results/DBLP_AUTO_pca_30_5_pairs_0/1.0
0
1
2
3
4
results/DBLP_AUTO_pca_30_5_pairs_0/0.9
0
1
2
3
4
results/DBLP_AUTO_pca_30_5_pairs_0/0.8
0
1
2
3
4
results/DBLP_AUTO_pca_30_5_pairs_0/0.7
0
1
2
3
4
results/DBLP_AUTO_pca_30_5_pairs_0/0.6
0
1
2
3
4
results/DBLP_AUTO_pca_30_5_pairs_0/0.5
0
1
2
3
4
results/DBLP_AUTO_pca_30_5_pairs_0/0.4
0
1
2
3
4
results/DBLP_AUTO_pca_30_5_pairs_0/0.3
0
1
2
3
4
results/DBLP_AUTO_pca_30_5_pairs_0/0.2
0
1
2
3
4
results/DBLP_AUTO_pca_30_5_pairs_0/0.1
0
1
2
3
4
results/DBLP_AUTO_pca_30_5_pairs_0/0.02
0
1
2
3
4
results/DBLP_AUTO_pca_30_5_pairs_0/0.01
0
1
2
3
4
results/DBLP_AUTO_pca_30_5_pairs_0/0.0
0
1
2
3
4
results/DBLP_CLL_pca_30_5_pairs_0/1.0
0
1
2
3
4
results/DBLP_CLL_pca_30_5_pairs_0/0.9
0
1
2
3
4
results/DBLP_CLL_pca_30_5_pairs_0/0.8
0
1
2
3
4
results/DBLP_CLL_pca_30_5_pairs_0/0.7
0
1
2
3
4
results/DBLP_CLL_pca_30_5_pairs_0/0.6
0
1
2
3
4
results/DBLP_CLL_pca_30_5_pairs_0/0.5
0
1
2
3
4
results/DBLP_CLL_pca_30_5_pairs_0/0.4
0
1
2
3
4
results/DBLP_CLL_pca_30_5_pairs_0/0.3
0
1
2
3
4
results/DBLP_CLL_pca_30_5_pairs_0/0.2
0
1
2
3
4
results/DBLP_CLL_pca_30_5_pairs_0/0.1
0
1
2
3
4
results/DBLP_CLL_pca_30_5_pairs_0/0.02
0
1
2
3
4
results/DBLP_CLL_pca_30_5_pairs_0/0.01
0
1
2
3
4
results/DBLP_CLL_pca_30_5_pairs_0/0.0
0
1
2
3
4
results/Cora_None_pca_64zscore/1.0
0
1
2
3
4
results/Cora_None_pca_64zscore/0.9
0
1
2
3
4
results/Cora_None_pca_64zscore/0.8
0
1
2
3
4
results/Cora_None_pca_64zscore/0.7
0
1
2
3
4
results/Cora_None_pca_64zscore/0.6
0
1
2
3
4
results/Cora_None_pca_64zscore/0.5
0
1
2
3
4
results/Cora_None_pca_64zscore/0.4
0
1
2
3
4
results/Cora_None_pca_64zscore/0.3
0
1
2
3
4
results/Cora_None_pca_64zscore/0.2
0
1
2
3
4
results/Cora_None_pca_64zscore/0.1
0
1
2
3
4
results/Cora_None_pca_64zscore/0.02
0
1
2
3
4
results/Cora_None_pca_64zscore/0.01
0
1
2
3
4
results/Cora_None_pca_64zscore/0.0
0
1
2
3
4
results/Cora_None_pca_64TRI/1.0
0
1
2
3
4
results/Cora_None_pca_64TRI/0.9
0
1
2
3
4
results/Cora_None_pca_64TRI/0.8
0
1
2
3
4
results/Cora_None_pca_64TRI/0.7
0
1
2
3
4
results/Cora_None_pca_64TRI/0.6
0
1
2
3
4
results/Cora_None_pca_64TRI/0.5
0
1
2
3
4
results/Cora_None_pca_64TRI/0.4
0
1
2
3
4
results/Cora_None_pca_64TRI/0.3
0
1
2
3
4
results/Cora_None_pca_64TRI/0.2
0
1
2
3
4
results/Cora_None_pca_64TRI/0.1
0
1
2
3
4
results/Cora_None_pca_64TRI/0.02
0
1
2
3
4
results/Cora_None_pca_64TRI/0.01
0
1
2
3
4
results/Cora_None_pca_64TRI/0.0
0
1
2
3
4
results/Cora_None_pca_64CONV/1.0
0
1
2
3
4
results/Cora_None_pca_64CONV/0.9
0
1
2
3
4
results/Cora_None_pca_64CONV/0.8
0
1
2
3
4
results/Cora_None_pca_64CONV/0.7
0
1
2
3
4
results/Cora_None_pca_64CONV/0.6
0
1
2
3
4
results/Cora_None_pca_64CONV/0.5
0
1
2
3
4
results/Cora_None_pca_64CONV/0.4
0
1
2
3
4
results/Cora_None_pca_64CONV/0.3
0
1
2
3
4
results/Cora_None_pca_64CONV/0.2
0
1
2
3
4
results/Cora_None_pca_64CONV/0.1
0
1
2
3
4
results/Cora_None_pca_64CONV/0.02
0
1
2
3
4
results/Cora_None_pca_64CONV/0.01
0
1
2
3
4
results/Cora_None_pca_64CONV/0.0
0
1
2
3
4
results/Citeseer_None_pca_64zscore/1.0
0
1
2
3
4
results/Citeseer_None_pca_64zscore/0.9
0
1
2
3
4
results/Citeseer_None_pca_64zscore/0.8
0
1
2
3
4
results/Citeseer_None_pca_64zscore/0.7
0
1
2
3
4
results/Citeseer_None_pca_64zscore/0.6
0
1
2
3
4
results/Citeseer_None_pca_64zscore/0.5
0
1
2
3
4
results/Citeseer_None_pca_64zscore/0.4
0
1
2
3
4
results/Citeseer_None_pca_64zscore/0.3
0
1
2
3
4
results/Citeseer_None_pca_64zscore/0.2
0
1
2
3
4
results/Citeseer_None_pca_64zscore/0.1
0
1
2
3
4
results/Citeseer_None_pca_64zscore/0.02
0
1
2
3
4
results/Citeseer_None_pca_64zscore/0.01
0
1
2
3
4
results/Citeseer_None_pca_64zscore/0.0
0
1
2
3
4
results/Citeseer_None_pca_64TRI/1.0
0
1
2
3
4
results/Citeseer_None_pca_64TRI/0.9
0
1
2
3
4
results/Citeseer_None_pca_64TRI/0.8
0
1
2
3
4
results/Citeseer_None_pca_64TRI/0.7
0
1
2
3
4
results/Citeseer_None_pca_64TRI/0.6
0
1
2
3
4
results/Citeseer_None_pca_64TRI/0.5
0
1
2
3
4
results/Citeseer_None_pca_64TRI/0.4
0
1
2
3
4
results/Citeseer_None_pca_64TRI/0.3
0
1
2
3
4
results/Citeseer_None_pca_64TRI/0.2
0
1
2
3
4
results/Citeseer_None_pca_64TRI/0.1
0
1
2
3
4
results/Citeseer_None_pca_64TRI/0.02
0
1
2
3
4
results/Citeseer_None_pca_64TRI/0.01
0
1
2
3
4
results/Citeseer_None_pca_64TRI/0.0
0
1
2
3
4
results/Citeseer_None_pca_64CONV/1.0
0
1
2
3
4
results/Citeseer_None_pca_64CONV/0.9
0
1
2
3
4
results/Citeseer_None_pca_64CONV/0.8
0
1
2
3
4
results/Citeseer_None_pca_64CONV/0.7
0
1
2
3
4
results/Citeseer_None_pca_64CONV/0.6
0
1
2
3
4
results/Citeseer_None_pca_64CONV/0.5
0
1
2
3
4
results/Citeseer_None_pca_64CONV/0.4
0
1
2
3
4
results/Citeseer_None_pca_64CONV/0.3
0
1
2
3
4
results/Citeseer_None_pca_64CONV/0.2
0
1
2
3
4
results/Citeseer_None_pca_64CONV/0.1
0
1
2
3
4
results/Citeseer_None_pca_64CONV/0.02
0
1
2
3
4
results/Citeseer_None_pca_64CONV/0.01
0
1
2
3
4
results/Citeseer_None_pca_64CONV/0.0
0
1
2
3
4
results/DBLP_None_pca_32TRI/1.0
0
1
2
3
4
results/DBLP_None_pca_32TRI/0.9
0
1
2
3
4
results/DBLP_None_pca_32TRI/0.8
0
1
2
3
4
results/DBLP_None_pca_32TRI/0.7
0
1
2
3
4
results/DBLP_None_pca_32TRI/0.6
0
1
2
3
4
results/DBLP_None_pca_32TRI/0.5
0
1
2
3
4
results/DBLP_None_pca_32TRI/0.4
0
1
2
3
4
results/DBLP_None_pca_32TRI/0.3
0
1
2
3
4
results/DBLP_None_pca_32TRI/0.2
0
1
2
3
4
results/DBLP_None_pca_32TRI/0.1
0
1
2
3
4
results/Cora_None_CONV/1.0
0
1
2
3
4
results/Cora_None_CONV/0.9
0
1
2
3
4
results/Cora_None_CONV/0.8
0
1
2
3
4
results/Cora_None_CONV/0.7
0
1
2
3
4
results/Cora_None_CONV/0.6
0
1
2
3
4
results/Cora_None_CONV/0.5
0
1
2
3
4
results/Cora_None_CONV/0.4
0
1
2
3
4
results/Cora_None_CONV/0.3
0
1
2
3
4
results/Cora_None_CONV/0.2
0
1
2
3
4
results/Cora_None_CONV/0.1
0
1
2
3
4
results/Cora_None_CONV/0.02
0
1
2
3
4
results/Cora_None_CONV/0.01
0
1
2
3
4
results/Cora_None_CONV/0.0
0
1
2
3
4
results/Cora_None_zscore/1.0
0
1
2
3
4
results/Cora_None_zscore/0.9
0
1
2
3
4
results/Cora_None_zscore/0.8
0
1
2
3
4
results/Cora_None_zscore/0.7
0
1
2
3
4
results/Cora_None_zscore/0.6
0
1
2
3
4
results/Cora_None_zscore/0.5
0
1
2
3
4
results/Cora_None_zscore/0.4
0
1
2
3
4
results/Cora_None_zscore/0.3
0
1
2
3
4
results/Cora_None_zscore/0.2
0
1
2
3
4
results/Cora_None_zscore/0.1
0
1
